2023-11-16 14:04:21,422 [INFO] Activator:177 - 


2023-11-16 14:04:21,426 [INFO] Activator:178 - !SESSION log4j initialized
2023-11-16 14:04:56,963 [INFO] McuFinderGlobals:39 - Set McuFinder mode to 2 (CubeIDE integrated)
2023-11-16 14:05:00,970 [INFO] ApplicationProperties:181 - Using Application install path: D:\MCU\STM32\stm32cubeide_1.7.0\STM32CubeIDE\plugins\com.st.stm32cube.common.mx_6.3.0.202107141111
2023-11-16 14:05:01,017 [INFO] DbMcusXml:74 - Set database path to: D:\MCU\STM32\stm32cubeide_1.7.0\STM32CubeIDE\plugins\com.st.stm32cube.common.mx_6.3.0.202107141111\\db\/mcu/
2023-11-16 14:05:01,023 [INFO] DbBoardsPdsc:56 - Set plugin database path to: D:\MCU\STM32\stm32cubeide_1.7.0\STM32CubeIDE\plugins\com.st.stm32cube.common.mx_6.3.0.202107141111\\db\/plugins/boardmanager/
2023-11-16 14:05:01,025 [INFO] DbMcus:258 - Set plugin images path to: D:\MCU\STM32\stm32cubeide_1.7.0\STM32CubeIDE\plugins\com.st.stm32cube.common.mx_6.3.0.202107141111\\db\/plugins/mcufinder/images/
2023-11-16 14:05:01,025 [INFO] DbBoards:264 - Set plugin images path to: D:\MCU\STM32\stm32cubeide_1.7.0\STM32CubeIDE\plugins\com.st.stm32cube.common.mx_6.3.0.202107141111\\db\/plugins/mcufinder/images/
2023-11-16 14:05:01,029 [INFO] DbExamples:333 - Set plugin images path to: D:\MCU\STM32\stm32cubeide_1.7.0\STM32CubeIDE\plugins\com.st.stm32cube.common.mx_6.3.0.202107141111\\db\/plugins/mcufinder/images/
2023-11-16 14:05:01,158 [INFO] DbMcusAds:119 - Set database path to: C:\Users\HOME\.stmcufinder\plugins\mcufinder//mcu/
2023-11-16 14:05:01,161 [INFO] DbMcusDocs:110 - Set database path to: C:\Users\HOME\.stmcufinder\plugins\mcufinder//mcu/
2023-11-16 14:05:01,165 [INFO] DbMcusJson:64 - Set database path to: C:\Users\HOME\.stmcufinder\plugins\mcufinder//mcu/
2023-11-16 14:05:01,166 [INFO] DbBoardsDocs:110 - Set database path to: C:\Users\HOME\.stmcufinder\plugins\mcufinder//mcu/
2023-11-16 14:05:01,168 [INFO] DbBoardsJson:57 - Set database path to: C:\Users\HOME\.stmcufinder\plugins\mcufinder//mcu/
2023-11-16 14:05:01,255 [INFO] CrossReferenceDbSqlite:196 - Set database path to: C:\Users\HOME\.stmcufinder\plugins\mcufinder//mcu/cs/
2023-11-16 14:05:01,261 [INFO] DbExamplesSqlite:767 - Set database path to: C:\Users\HOME\.stmcufinder\plugins\mcufinder//mcu/
2023-11-16 14:05:01,814 [INFO] RulesReader:57 - Compatibility file has been processed (242 Rules)
2023-11-16 14:05:02,831 [INFO] DbMcusXml:74 - Set database path to: D:\MCU\STM32\stm32cubeide_1.7.0\STM32CubeIDE\plugins\com.st.stm32cube.common.mx_6.3.0.202107141111\\db\/mcu/
2023-11-16 14:05:02,833 [INFO] DbBoardsPdsc:56 - Set plugin database path to: D:\MCU\STM32\stm32cubeide_1.7.0\STM32CubeIDE\plugins\com.st.stm32cube.common.mx_6.3.0.202107141111\\db\/plugins/boardmanager/
2023-11-16 14:05:02,833 [INFO] DbMcus:258 - Set plugin images path to: D:\MCU\STM32\stm32cubeide_1.7.0\STM32CubeIDE\plugins\com.st.stm32cube.common.mx_6.3.0.202107141111\\db\/plugins/mcufinder/images/
2023-11-16 14:05:02,833 [INFO] DbBoards:264 - Set plugin images path to: D:\MCU\STM32\stm32cubeide_1.7.0\STM32CubeIDE\plugins\com.st.stm32cube.common.mx_6.3.0.202107141111\\db\/plugins/mcufinder/images/
2023-11-16 14:05:02,834 [INFO] DbExamples:333 - Set plugin images path to: D:\MCU\STM32\stm32cubeide_1.7.0\STM32CubeIDE\plugins\com.st.stm32cube.common.mx_6.3.0.202107141111\\db\/plugins/mcufinder/images/
2023-11-16 14:05:02,834 [WARN] DbFile:35 - Overriding database path with different value: C:\Users\HOME\.stmcufinder\plugins\mcufinder/ => C:\Users\HOME\.stmcufinder\plugins\mcufinder
2023-11-16 14:05:02,834 [INFO] DbMcusAds:119 - Set database path to: C:\Users\HOME\.stmcufinder\plugins\mcufinder//mcu/
2023-11-16 14:05:02,834 [WARN] DbFile:35 - Overriding database path with different value: C:\Users\HOME\.stmcufinder\plugins\mcufinder/ => C:\Users\HOME\.stmcufinder\plugins\mcufinder
2023-11-16 14:05:02,835 [INFO] DbMcusDocs:110 - Set database path to: C:\Users\HOME\.stmcufinder\plugins\mcufinder//mcu/
2023-11-16 14:05:02,835 [WARN] DbFile:35 - Overriding database path with different value: C:\Users\HOME\.stmcufinder\plugins\mcufinder/ => C:\Users\HOME\.stmcufinder\plugins\mcufinder
2023-11-16 14:05:02,835 [INFO] DbMcusJson:64 - Set database path to: C:\Users\HOME\.stmcufinder\plugins\mcufinder//mcu/
2023-11-16 14:05:02,835 [WARN] DbFile:35 - Overriding database path with different value: C:\Users\HOME\.stmcufinder\plugins\mcufinder/ => C:\Users\HOME\.stmcufinder\plugins\mcufinder
2023-11-16 14:05:02,836 [INFO] DbBoardsDocs:110 - Set database path to: C:\Users\HOME\.stmcufinder\plugins\mcufinder//mcu/
2023-11-16 14:05:02,836 [WARN] DbFile:35 - Overriding database path with different value: C:\Users\HOME\.stmcufinder\plugins\mcufinder/ => C:\Users\HOME\.stmcufinder\plugins\mcufinder
2023-11-16 14:05:02,836 [INFO] DbBoardsJson:57 - Set database path to: C:\Users\HOME\.stmcufinder\plugins\mcufinder//mcu/
2023-11-16 14:05:02,836 [WARN] DbFile:35 - Overriding database path with different value: C:\Users\HOME\.stmcufinder\plugins\mcufinder/ => C:\Users\HOME\.stmcufinder\plugins\mcufinder
2023-11-16 14:05:02,836 [WARN] DbFile:35 - Overriding database path with different value: C:\Users\HOME\.stmcufinder\plugins\mcufinder/ => C:\Users\HOME\.stmcufinder\plugins\mcufinder
2023-11-16 14:05:02,837 [INFO] CrossReferenceDbSqlite:196 - Set database path to: C:\Users\HOME\.stmcufinder\plugins\mcufinder//mcu/cs/
2023-11-16 14:05:02,837 [WARN] DbFile:35 - Overriding database path with different value: C:\Users\HOME\.stmcufinder\plugins\mcufinder/ => C:\Users\HOME\.stmcufinder\plugins\mcufinder
2023-11-16 14:05:02,837 [INFO] DbExamplesSqlite:767 - Set database path to: C:\Users\HOME\.stmcufinder\plugins\mcufinder//mcu/
2023-11-16 14:05:03,970 [INFO] MainPanel:214 - HeapMemory: 268435456
2023-11-16 14:05:05,018 [INFO] DbMcusXml:74 - Set database path to: D:\MCU\STM32\stm32cubeide_1.7.0\STM32CubeIDE\plugins\com.st.stm32cube.common.mx_6.3.0.202107141111\\db\/mcu/
2023-11-16 14:05:05,019 [INFO] DbBoardsPdsc:56 - Set plugin database path to: D:\MCU\STM32\stm32cubeide_1.7.0\STM32CubeIDE\plugins\com.st.stm32cube.common.mx_6.3.0.202107141111\\db\/plugins/boardmanager/
2023-11-16 14:05:05,019 [INFO] DbMcus:258 - Set plugin images path to: D:\MCU\STM32\stm32cubeide_1.7.0\STM32CubeIDE\plugins\com.st.stm32cube.common.mx_6.3.0.202107141111\\db\/plugins/mcufinder/images/
2023-11-16 14:05:05,019 [INFO] DbBoards:264 - Set plugin images path to: D:\MCU\STM32\stm32cubeide_1.7.0\STM32CubeIDE\plugins\com.st.stm32cube.common.mx_6.3.0.202107141111\\db\/plugins/mcufinder/images/
2023-11-16 14:05:05,020 [INFO] DbExamples:333 - Set plugin images path to: D:\MCU\STM32\stm32cubeide_1.7.0\STM32CubeIDE\plugins\com.st.stm32cube.common.mx_6.3.0.202107141111\\db\/plugins/mcufinder/images/
2023-11-16 14:05:05,047 [WARN] DbFile:35 - Overriding database path with different value: C:\Users\HOME\.stmcufinder\plugins\mcufinder/ => C:\Users\HOME\.stmcufinder\plugins\mcufinder
2023-11-16 14:05:05,048 [INFO] DbMcusAds:119 - Set database path to: C:\Users\HOME\.stmcufinder\plugins\mcufinder//mcu/
2023-11-16 14:05:05,048 [WARN] DbFile:35 - Overriding database path with different value: C:\Users\HOME\.stmcufinder\plugins\mcufinder/ => C:\Users\HOME\.stmcufinder\plugins\mcufinder
2023-11-16 14:05:05,048 [INFO] DbMcusDocs:110 - Set database path to: C:\Users\HOME\.stmcufinder\plugins\mcufinder//mcu/
2023-11-16 14:05:05,048 [WARN] DbFile:35 - Overriding database path with different value: C:\Users\HOME\.stmcufinder\plugins\mcufinder/ => C:\Users\HOME\.stmcufinder\plugins\mcufinder
2023-11-16 14:05:05,048 [INFO] DbMcusJson:64 - Set database path to: C:\Users\HOME\.stmcufinder\plugins\mcufinder//mcu/
2023-11-16 14:05:05,048 [WARN] DbFile:35 - Overriding database path with different value: C:\Users\HOME\.stmcufinder\plugins\mcufinder/ => C:\Users\HOME\.stmcufinder\plugins\mcufinder
2023-11-16 14:05:05,049 [INFO] DbBoardsDocs:110 - Set database path to: C:\Users\HOME\.stmcufinder\plugins\mcufinder//mcu/
2023-11-16 14:05:05,049 [WARN] DbFile:35 - Overriding database path with different value: C:\Users\HOME\.stmcufinder\plugins\mcufinder/ => C:\Users\HOME\.stmcufinder\plugins\mcufinder
2023-11-16 14:05:05,049 [INFO] DbBoardsJson:57 - Set database path to: C:\Users\HOME\.stmcufinder\plugins\mcufinder//mcu/
2023-11-16 14:05:05,049 [WARN] DbFile:35 - Overriding database path with different value: C:\Users\HOME\.stmcufinder\plugins\mcufinder/ => C:\Users\HOME\.stmcufinder\plugins\mcufinder
2023-11-16 14:05:05,049 [WARN] DbFile:35 - Overriding database path with different value: C:\Users\HOME\.stmcufinder\plugins\mcufinder/ => C:\Users\HOME\.stmcufinder\plugins\mcufinder
2023-11-16 14:05:05,050 [INFO] CrossReferenceDbSqlite:196 - Set database path to: C:\Users\HOME\.stmcufinder\plugins\mcufinder//mcu/cs/
2023-11-16 14:05:05,050 [WARN] DbFile:35 - Overriding database path with different value: C:\Users\HOME\.stmcufinder\plugins\mcufinder/ => C:\Users\HOME\.stmcufinder\plugins\mcufinder
2023-11-16 14:05:05,050 [INFO] DbExamplesSqlite:767 - Set database path to: C:\Users\HOME\.stmcufinder\plugins\mcufinder//mcu/
2023-11-16 14:05:05,343 [INFO] ApplicationProperties:181 - Using Application install path: D:\MCU\STM32\stm32cubeide_1.7.0\STM32CubeIDE\plugins\com.st.stm32cube.common.mx_6.3.0.202107141111
2023-11-16 14:05:05,345 [INFO] PluginManage:188 - Search for loadable plugins [exclusion list=, ]
2023-11-16 14:05:05,381 [INFO] PluginManage:302 - Check plugin analytics
2023-11-16 14:05:05,876 [INFO] AnalyticsPlugin:257 - Accepted Software Licenses: 
2023-11-16 14:05:05,877 [INFO] AnalyticsPlugin:259 - Accepted CMSIS Pack Licenses: 
2023-11-16 14:05:05,878 [INFO] AnalyticsPlugin:261 - Accepted Firmware Licenses: 
2023-11-16 14:05:05,879 [INFO] PluginManage:352 - Loaded plugin analytics (category:tool,tabindex:-1)
2023-11-16 14:05:05,880 [INFO] PluginManage:302 - Check plugin clock
2023-11-16 14:05:05,988 [INFO] PluginManage:352 - Loaded plugin clock (category:base,tabindex:2)
2023-11-16 14:05:05,988 [INFO] PluginManage:302 - Check plugin ddr
2023-11-16 14:05:06,059 [INFO] PluginManage:352 - Loaded plugin ddr (category:tool,tabindex:6)
2023-11-16 14:05:06,059 [INFO] PluginManage:302 - Check plugin filemanager
2023-11-16 14:05:06,766 [INFO] PluginManage:352 - Loaded plugin filemanager (category:base,tabindex:10)
2023-11-16 14:05:06,767 [INFO] PluginManage:302 - Check plugin ipmanager
2023-11-16 14:05:06,808 [INFO] PluginManage:352 - Loaded plugin ipmanager (category:base,tabindex:5)
2023-11-16 14:05:06,808 [INFO] PluginManage:302 - Check plugin pinoutandconfiguration
2023-11-16 14:05:06,844 [INFO] PluginManage:352 - Loaded plugin pinoutandconfiguration (category:base,tabindex:1)
2023-11-16 14:05:06,844 [INFO] PluginManage:302 - Check plugin pinoutconfig
2023-11-16 14:05:06,988 [INFO] PluginManage:352 - Loaded plugin pinoutconfig (category:base,tabindex:0)
2023-11-16 14:05:06,988 [INFO] PluginManage:302 - Check plugin power
2023-11-16 14:05:07,078 [INFO] PluginManage:352 - Loaded plugin power (category:power,tabindex:4)
2023-11-16 14:05:07,078 [INFO] PluginManage:302 - Check plugin projectmanager
2023-11-16 14:05:07,115 [INFO] PluginManage:352 - Loaded plugin projectmanager (category:projectmanager,tabindex:3)
2023-11-16 14:05:07,115 [INFO] PluginManage:302 - Check plugin thirdparty
2023-11-16 14:05:07,751 [WARN] IntegrityCheckThread:78 - waiting for thirdparty lock release [integrity check]
2023-11-16 14:05:07,752 [INFO] IntegrityCheckThread:80 - entering critical section [integrity check]
2023-11-16 14:05:07,752 [INFO] PluginManage:352 - Loaded plugin thirdparty (category:base,tabindex:-1)
2023-11-16 14:05:07,753 [INFO] ThirdPartyUpdaterWithRetryManager:66 - Updater plugin not ready yet. [1/15]
2023-11-16 14:05:07,753 [INFO] PluginManage:302 - Check plugin tools
2023-11-16 14:05:07,924 [INFO] PluginManage:352 - Loaded plugin tools (category:base,tabindex:7)
2023-11-16 14:05:07,924 [INFO] PluginManage:302 - Check plugin tutovideos
2023-11-16 14:05:08,767 [INFO] PluginManage:352 - Loaded plugin tutovideos (category:base,tabindex:-1)
2023-11-16 14:05:08,768 [INFO] PluginManage:302 - Check plugin updater
2023-11-16 14:05:08,883 [INFO] PluginManage:352 - Loaded plugin updater (category:base,tabindex:12)
2023-11-16 14:05:08,885 [INFO] PluginManage:275 - PluginManage : Loaded plugins [13]
2023-11-16 14:05:10,200 [INFO] PinOutPanel:1463 - setPackage(No Configuration,No Configuration)
2023-11-16 14:05:10,746 [INFO] IPUIPlugin:74 - create IPUIPlugin
2023-11-16 14:05:10,746 [INFO] PluginManager:213 - loadIPPluginJar : add adc
2023-11-16 14:05:10,759 [INFO] ThirdPartyUpdaterWithRetryManager:66 - Updater plugin not ready yet. [2/15]
2023-11-16 14:05:10,861 [INFO] IPUIPlugin:74 - create IPUIPlugin
2023-11-16 14:05:10,861 [INFO] PluginManager:213 - loadIPPluginJar : add aes
2023-11-16 14:05:11,148 [INFO] IPUIPlugin:74 - create IPUIPlugin
2023-11-16 14:05:11,148 [INFO] PluginManager:213 - loadIPPluginJar : add can
2023-11-16 14:05:11,272 [INFO] IPUIPlugin:74 - create IPUIPlugin
2023-11-16 14:05:11,272 [INFO] PluginManager:213 - loadIPPluginJar : add comp
2023-11-16 14:05:11,379 [INFO] IPUIPlugin:74 - create IPUIPlugin
2023-11-16 14:05:11,379 [INFO] PluginManager:213 - loadIPPluginJar : add cryp
2023-11-16 14:05:11,473 [INFO] IPUIPlugin:74 - create IPUIPlugin
2023-11-16 14:05:11,473 [INFO] PluginManager:213 - loadIPPluginJar : add dfsdm
2023-11-16 14:05:11,504 [INFO] IPUIPlugin:74 - create IPUIPlugin
2023-11-16 14:05:11,506 [INFO] PluginManager:213 - loadIPPluginJar : add dma
2023-11-16 14:05:11,638 [INFO] IPUIPlugin:74 - create IPUIPlugin
2023-11-16 14:05:11,638 [INFO] PluginManager:213 - loadIPPluginJar : add dma3
2023-11-16 14:05:11,720 [INFO] IPUIPlugin:74 - create IPUIPlugin
2023-11-16 14:05:11,721 [INFO] PluginManager:213 - loadIPPluginJar : add fatfs
2023-11-16 14:05:11,878 [INFO] IPUIPlugin:74 - create IPUIPlugin
2023-11-16 14:05:11,878 [INFO] PluginManager:213 - loadIPPluginJar : add fmc
2023-11-16 14:05:11,924 [INFO] IPUIPlugin:74 - create IPUIPlugin
2023-11-16 14:05:11,925 [INFO] PluginManager:213 - loadIPPluginJar : add freertos
2023-11-16 14:05:12,059 [INFO] IPUIPlugin:74 - create IPUIPlugin
2023-11-16 14:05:12,059 [INFO] PluginManager:213 - loadIPPluginJar : add genericplugin
2023-11-16 14:05:12,394 [INFO] IPUIPlugin:74 - create IPUIPlugin
2023-11-16 14:05:12,395 [INFO] PluginManager:213 - loadIPPluginJar : add gfxmmu
2023-11-16 14:05:13,031 [INFO] IPUIPlugin:74 - create IPUIPlugin
2023-11-16 14:05:13,031 [INFO] PluginManager:213 - loadIPPluginJar : add gic
2023-11-16 14:05:13,098 [INFO] IPUIPlugin:74 - create IPUIPlugin
2023-11-16 14:05:13,099 [INFO] PluginManager:213 - loadIPPluginJar : add gpio
2023-11-16 14:05:13,346 [INFO] IPUIPlugin:74 - create IPUIPlugin
2023-11-16 14:05:13,347 [INFO] PluginManager:213 - loadIPPluginJar : add gtzc
2023-11-16 14:05:13,453 [INFO] IPUIPlugin:74 - create IPUIPlugin
2023-11-16 14:05:13,453 [INFO] PluginManager:213 - loadIPPluginJar : add hash
2023-11-16 14:05:13,623 [INFO] IPUIPlugin:74 - create IPUIPlugin
2023-11-16 14:05:13,623 [INFO] PluginManager:213 - loadIPPluginJar : add i2c
2023-11-16 14:05:13,760 [INFO] ThirdPartyUpdaterWithRetryManager:66 - Updater plugin not ready yet. [3/15]
2023-11-16 14:05:13,917 [INFO] IPUIPlugin:74 - create IPUIPlugin
2023-11-16 14:05:13,917 [INFO] PluginManager:213 - loadIPPluginJar : add i2s
2023-11-16 14:05:14,094 [INFO] IPUIPlugin:74 - create IPUIPlugin
2023-11-16 14:05:14,095 [INFO] PluginManager:213 - loadIPPluginJar : add ipddr
2023-11-16 14:05:14,608 [INFO] IPUIPlugin:74 - create IPUIPlugin
2023-11-16 14:05:14,609 [INFO] PluginManager:213 - loadIPPluginJar : add linkedlist
2023-11-16 14:05:14,768 [INFO] IPUIPlugin:74 - create IPUIPlugin
2023-11-16 14:05:14,768 [INFO] PluginManager:213 - loadIPPluginJar : add lorawan
2023-11-16 14:05:15,086 [INFO] IPUIPlugin:74 - create IPUIPlugin
2023-11-16 14:05:15,086 [INFO] PluginManager:213 - loadIPPluginJar : add ltdc
2023-11-16 14:05:15,342 [INFO] IPUIPlugin:74 - create IPUIPlugin
2023-11-16 14:05:15,343 [INFO] PluginManager:213 - loadIPPluginJar : add mdma
2023-11-16 14:05:15,410 [INFO] IPUIPlugin:74 - create IPUIPlugin
2023-11-16 14:05:15,410 [INFO] PluginManager:213 - loadIPPluginJar : add nvic
2023-11-16 14:05:15,574 [INFO] IPUIPlugin:74 - create IPUIPlugin
2023-11-16 14:05:15,576 [INFO] PluginManager:213 - loadIPPluginJar : add opamp
2023-11-16 14:05:15,858 [INFO] IPUIPlugin:74 - create IPUIPlugin
2023-11-16 14:05:15,859 [INFO] PluginManager:213 - loadIPPluginJar : add openamp
2023-11-16 14:05:16,080 [INFO] IPUIPlugin:74 - create IPUIPlugin
2023-11-16 14:05:16,080 [INFO] PluginManager:213 - loadIPPluginJar : add pdm2pcm
2023-11-16 14:05:16,152 [INFO] IPUIPlugin:74 - create IPUIPlugin
2023-11-16 14:05:16,159 [INFO] PluginManager:213 - loadIPPluginJar : add plateformsettings
2023-11-16 14:05:16,218 [INFO] IPUIPlugin:74 - create IPUIPlugin
2023-11-16 14:05:16,219 [INFO] PluginManager:213 - loadIPPluginJar : add quadspi
2023-11-16 14:05:16,241 [INFO] IPUIPlugin:74 - create IPUIPlugin
2023-11-16 14:05:16,241 [INFO] PluginManager:213 - loadIPPluginJar : add resmgrutility
2023-11-16 14:05:16,391 [INFO] IPUIPlugin:74 - create IPUIPlugin
2023-11-16 14:05:16,392 [INFO] PluginManager:213 - loadIPPluginJar : add sai
2023-11-16 14:05:16,521 [INFO] IPUIPlugin:74 - create IPUIPlugin
2023-11-16 14:05:16,521 [INFO] PluginManager:213 - loadIPPluginJar : add spi
2023-11-16 14:05:16,744 [INFO] IPUIPlugin:74 - create IPUIPlugin
2023-11-16 14:05:16,746 [INFO] PluginManager:213 - loadIPPluginJar : add stm32_wpan
2023-11-16 14:05:16,761 [INFO] ThirdPartyUpdaterWithRetryManager:66 - Updater plugin not ready yet. [4/15]
2023-11-16 14:05:16,866 [INFO] IPUIPlugin:74 - create IPUIPlugin
2023-11-16 14:05:16,866 [INFO] PluginManager:213 - loadIPPluginJar : add tim
2023-11-16 14:05:17,090 [INFO] IPUIPlugin:74 - create IPUIPlugin
2023-11-16 14:05:17,090 [INFO] PluginManager:213 - loadIPPluginJar : add touchsensing
2023-11-16 14:05:17,185 [INFO] IPUIPlugin:74 - create IPUIPlugin
2023-11-16 14:05:17,186 [INFO] PluginManager:213 - loadIPPluginJar : add tracer_emb
2023-11-16 14:05:17,282 [INFO] IPUIPlugin:74 - create IPUIPlugin
2023-11-16 14:05:17,282 [INFO] PluginManager:213 - loadIPPluginJar : add ts
2023-11-16 14:05:17,392 [INFO] IPUIPlugin:74 - create IPUIPlugin
2023-11-16 14:05:17,392 [INFO] PluginManager:213 - loadIPPluginJar : add tsc
2023-11-16 14:05:17,524 [INFO] IPUIPlugin:74 - create IPUIPlugin
2023-11-16 14:05:17,525 [INFO] PluginManager:213 - loadIPPluginJar : add ucpd
2023-11-16 14:05:17,678 [INFO] IPUIPlugin:74 - create IPUIPlugin
2023-11-16 14:05:17,679 [INFO] PluginManager:213 - loadIPPluginJar : add usart
2023-11-16 14:05:17,842 [INFO] IPUIPlugin:74 - create IPUIPlugin
2023-11-16 14:05:17,842 [INFO] PluginManager:213 - loadIPPluginJar : add usbx
2023-11-16 14:05:19,101 [FATAL] Updater:294 - Updater called before beeing initialized
2023-11-16 14:05:19,767 [INFO] ThirdPartyUpdaterWithRetryManager:66 - Updater plugin not ready yet. [5/15]
2023-11-16 14:05:19,784 [FATAL] Updater:294 - Updater called before beeing initialized
2023-11-16 14:05:19,804 [INFO] DbMcusAds:47 - JSON generation date=Tue Mar 07 15:50:55 ICT 2023 (1678179055114)
2023-11-16 14:05:19,804 [FATAL] Updater:294 - Updater called before beeing initialized
2023-11-16 14:05:20,427 [WARN] DetailPanel:314 - Failed to get advertising image, set to default
2023-11-16 14:05:21,046 [FATAL] Updater:294 - Updater called before beeing initialized
2023-11-16 14:05:21,113 [FATAL] Updater:294 - Updater called before beeing initialized
2023-11-16 14:05:21,114 [FATAL] Updater:294 - Updater called before beeing initialized
2023-11-16 14:05:21,115 [WARN] DetailPanel:314 - Failed to get advertising image, set to default
2023-11-16 14:05:21,119 [FATAL] Updater:294 - Updater called before beeing initialized
2023-11-16 14:05:21,377 [ERROR] Updater:1075 - MainUpdater not yet initialized. External WinMGr cannot be set.
2023-11-16 14:05:21,457 [INFO] Updater:1012 - Updater Version found : 6.3.0
2023-11-16 14:05:21,688 [INFO] ApplicationProperties:181 - Using Application install path: D:\MCU\STM32\stm32cubeide_1.7.0\STM32CubeIDE\plugins\com.st.stm32cube.common.mx_6.3.0.202107141111
2023-11-16 14:05:22,779 [FATAL] Updater:294 - Updater called before beeing initialized
2023-11-16 14:05:22,780 [ERROR] IntegrityCheckThread:124 - Cannot retrieve database content from updater: error 21
2023-11-16 14:05:22,781 [INFO] ThirdParty:915 - Integrity check success = false
2023-11-16 14:05:22,781 [INFO] IntegrityCheckThread:94 - exiting critical section [integrity check]
2023-11-16 14:05:22,781 [INFO] IntegrityCheckThread:97 - End integrity checks thread
2023-11-16 14:05:22,961 [INFO] MainUpdater:2671 - connection check result : 10
2023-11-16 14:05:22,962 [INFO] MainUpdater:3359 - Updater definition file requires update
2023-11-16 14:05:22,966 [INFO] MainUpdater:265 - Updater Check For Update Now.
2023-11-16 14:05:22,967 [INFO] MicroXplorer:478 - Change Database Version : DB.6.0.30
2023-11-16 14:05:23,605 [INFO] ServerAccessManage:362 - Download File updaters.zip
2023-11-16 14:05:23,845 [INFO] FileExtend:235 - Unzip File : updaters.zip
2023-11-16 14:05:23,845 [INFO] FileExtend:250 - Standard Zip Deflate
2023-11-16 14:05:26,014 [INFO] ServerAccessManage:362 - Download File PacksControlFlags.xml
2023-11-16 14:05:26,485 [INFO] ServerAccessManage:362 - Download File cubemx.pidx
2023-11-16 14:05:29,635 [INFO] ServerAccessManage:362 - Download File STMicroelectronics.FP-SNS-MOTENVWB1.pdsc
2023-11-16 14:05:34,158 [INFO] MainUpdater:2671 - connection check result : 10
2023-11-16 14:05:36,636 [ERROR] ServerAccessManage:981 - Problem, Http access forbiden
2023-11-16 14:05:36,643 [ERROR] ServerAccessManage:531 - Problem, Http access forbiden : RoweBots.I-CUBE-UNISONRTOS.pdsc.
2023-11-16 14:05:37,447 [WARN] PopulateThirdPartyThread:100 - Error when creating pack: C:/Users/HOME/.stm32cubemx/thirdparties/pdsc/STMicroelectronics.FP-SNS-MOTENVWB1.pdsc
2023-11-16 14:05:37,447 [INFO] PopulateThirdPartyThread:60 - Ending populate Thread
2023-11-16 14:05:37,448 [INFO] LoadServerUpdatesThread:339 - End of LoadServerUpdate Thread
2023-11-16 14:05:37,645 [INFO] CheckServerUpdateThread:112 - End of CheckServer Thread
2023-11-16 14:05:37,717 [INFO] McuFinderGlobals:52 - Set McuFinderConnectedMode to true
2023-11-16 14:05:38,528 [INFO] ServerAccessManage:362 - Download File mcusAds.json._tmp_
2023-11-16 14:05:38,700 [INFO] LoadUrlFilesThread:145 - End of LoadUrlFiles Thread
2023-11-16 14:05:39,948 [INFO] ServerAccessManage:362 - Download File mcusDocs.json._tmp_
2023-11-16 14:05:40,799 [INFO] LoadUrlFilesThread:145 - End of LoadUrlFiles Thread
2023-11-16 14:05:44,305 [INFO] ServerAccessManage:362 - Download File mcusFeaturesAndDescription.json._tmp_
2023-11-16 14:05:53,833 [INFO] LoadUrlFilesThread:145 - End of LoadUrlFiles Thread
2023-11-16 14:05:54,260 [INFO] ServerAccessManage:362 - Download File boardsDocs.json._tmp_
2023-11-16 14:05:54,421 [INFO] LoadUrlFilesThread:145 - End of LoadUrlFiles Thread
2023-11-16 14:05:54,642 [INFO] ServerAccessManage:362 - Download File boards.json._tmp_
2023-11-16 14:05:55,033 [INFO] LoadUrlFilesThread:145 - End of LoadUrlFiles Thread
2023-11-16 14:05:55,896 [INFO] ServerAccessManage:362 - Download File cube-finder-db.zip
2023-11-16 14:06:39,015 [INFO] FileExtend:235 - Unzip File : cube-finder-db.zip
2023-11-16 14:06:39,016 [INFO] FileExtend:250 - Standard Zip Deflate
2023-11-16 14:06:41,847 [INFO] LoadUrlFilesThread:145 - End of LoadUrlFiles Thread
2023-11-16 14:06:48,847 [INFO] ServerAccessManage:362 - Download File crdb.zip
2023-11-16 14:06:59,756 [INFO] FileExtend:235 - Unzip File : crdb.zip
2023-11-16 14:06:59,757 [INFO] FileExtend:250 - Standard Zip Deflate
2023-11-16 14:07:00,192 [INFO] LoadUrlFilesThread:145 - End of LoadUrlFiles Thread
2023-11-16 14:07:00,966 [INFO] ServerAccessManage:362 - Download File tutoVideoDB.zip
2023-11-16 14:07:01,115 [INFO] FileExtend:235 - Unzip File : tutoVideoDB.zip
2023-11-16 14:07:01,116 [INFO] FileExtend:250 - Standard Zip Deflate
2023-11-16 14:07:01,262 [INFO] LoadUrlFilesThread:145 - End of LoadUrlFiles Thread
2023-11-16 14:07:01,263 [INFO] DbMcusAds:47 - JSON generation date=Tue Mar 07 15:50:55 ICT 2023 (1678179055335)
2023-11-16 14:07:01,310 [INFO] DbMcusDocs:143 - JSON generation date=Tue Nov 16 23:17:54 ICT 2021 (1637079474)
2023-11-16 14:07:01,311 [INFO] DbMcusXml:100 - Load MCU database from D:\MCU\STM32\stm32cubeide_1.7.0\STM32CubeIDE\plugins\com.st.stm32cube.common.mx_6.3.0.202107141111\\db\/mcu/families.xml
2023-11-16 14:07:05,242 [INFO] DbMcusJson:93 - JSON generation date=Tue Nov 16 23:17:54 ICT 2021 (1637079474)
2023-11-16 14:07:08,279 [INFO] DbMcus:175 - Found 1951 MCUs (1903 are supported by CubeMX, 1914 are visible in CubeMX)
2023-11-16 14:07:08,297 [INFO] ApiDb:251 - Load user favorites file C:\Users\HOME/.stm32cubeide/favorites.mcus.txt: 0 item(s)
2023-11-16 14:07:08,298 [INFO] ApiDb:255 - User favorites MCUs=[]
2023-11-16 14:07:08,298 [INFO] DbMcus:187 - Set 0 / 0 favorites MCUs
2023-11-16 14:07:10,178 [INFO] DbMcusDocs:79 - Found 682 MCUs documents
2023-11-16 14:07:10,184 [INFO] ApiDb:276 - Save user favorites file C:\Users\HOME/.stm32cubeide/favorites.mcus.txt: 0 item(s)
2023-11-16 14:07:10,184 [INFO] ApiDb:280 - User favorites MCUs=[]
2023-11-16 14:07:10,185 [INFO] DbMcusXml:100 - Load MCU database from D:\MCU\STM32\stm32cubeide_1.7.0\STM32CubeIDE\plugins\com.st.stm32cube.common.mx_6.3.0.202107141111\\db\/mcu/families.xml
2023-11-16 14:07:12,484 [INFO] DbMcusJson:93 - JSON generation date=Tue Nov 16 23:17:54 ICT 2021 (1637079474)
2023-11-16 14:07:14,456 [INFO] DbMcus:175 - Found 1951 MCUs (1903 are supported by CubeMX, 1914 are visible in CubeMX)
2023-11-16 14:07:14,460 [INFO] ApiDb:251 - Load user favorites file C:\Users\HOME/.stm32cubeide/favorites.mcus.txt: 0 item(s)
2023-11-16 14:07:14,460 [INFO] ApiDb:255 - User favorites MCUs=[]
2023-11-16 14:07:14,461 [INFO] DbMcus:187 - Set 0 / 0 favorites MCUs
2023-11-16 14:07:14,496 [INFO] DbBoardsDocs:143 - JSON generation date=Tue Nov 16 23:17:54 ICT 2021 (1637079474)
2023-11-16 14:07:14,580 [INFO] DbBoardsPdsc:90 - Found 25 items
2023-11-16 14:07:14,601 [INFO] DbBoardsPdsc:90 - Found 9 items
2023-11-16 14:07:14,644 [INFO] DbBoardsPdsc:90 - Found 33 items
2023-11-16 14:07:14,693 [INFO] DbBoardsPdsc:90 - Found 1 items
2023-11-16 14:07:14,733 [INFO] DbBoardsPdsc:90 - Found 48 items
2023-11-16 14:07:14,771 [INFO] DbBoardsPdsc:90 - Found 43 items
2023-11-16 14:07:14,790 [INFO] DbBoardsPdsc:90 - Found 2 items
2023-11-16 14:07:14,808 [INFO] DbBoardsPdsc:90 - Found 5 items
2023-11-16 14:07:14,830 [WARN] DbBoardsPdsc:254 - Board STM32H7B3I-DK: unknown feature type=Audio, name=, username=Audio stereo codec with Headphone Amp (CS42L51-CNZ), n=1
2023-11-16 14:07:14,831 [WARN] DbBoardsPdsc:254 - Board STM32H735G-DK: unknown feature type=Audio, name=, username=Audio stereo codec with Headphone Amp (WM8994ECS/R), n=1
2023-11-16 14:07:14,835 [WARN] DbBoardsPdsc:254 - Board STM32H7B3I-EVAL: unknown feature type=Audio, name=, username=Multi-Channel Audio Codec (CS42L51-CNZ), n=1
2023-11-16 14:07:14,836 [WARN] DbBoardsPdsc:254 - Board STM32H7B3I-EVAL: unknown feature type=Meter, name=, username=Power-metering and Temperature-monitoring with sigma-delta modulators, n=1
2023-11-16 14:07:14,836 [WARN] DbBoardsPdsc:254 - Board STM32H7B3I-EVAL: unknown feature type=Motor, name=, username=Motor Control, n=1
2023-11-16 14:07:14,838 [WARN] DbBoardsPdsc:254 - Board STM32U575I-EV: unknown feature type=joystick, name=, username=4-direction joystick with selection button, n=1
2023-11-16 14:07:14,879 [INFO] DbBoardsJson:86 - JSON generation date=Tue Nov 16 23:17:54 ICT 2021 (1637079474)
2023-11-16 14:07:14,893 [INFO] DbBoards:117 - Found 167 boards (163 are supported by CubeMX)
2023-11-16 14:07:14,897 [INFO] DbBoardsDocs:143 - JSON generation date=Tue Nov 16 23:17:54 ICT 2021 (1637079474)
2023-11-16 14:07:14,905 [INFO] DbBoardsDocs:79 - Found 209 boards documents
2023-11-16 14:07:14,907 [WARN] DbBoards:127 - board B-L475E-IOT01A2 has no document id list !
2023-11-16 14:07:14,910 [WARN] DbBoards:127 - board NUCLEO-H743ZI has no document id list !
2023-11-16 14:07:14,912 [WARN] DbBoards:127 - board NUCLEO-WL55JC2 has no document id list !
2023-11-16 14:07:14,913 [WARN] DbBoards:127 - board P-NUCLEO-WB55-Nucleo has no document id list !
2023-11-16 14:07:14,913 [WARN] DbBoards:127 - board P-NUCLEO-WB55-USBDongle has no document id list !
2023-11-16 14:07:14,913 [WARN] DbBoards:127 - board STEVAL-BFA001V1B has no document id list !
2023-11-16 14:07:14,913 [WARN] DbBoards:127 - board STEVAL-BFA001V2B has no document id list !
2023-11-16 14:07:14,913 [WARN] DbBoards:127 - board STEVAL-IDP005V1 has no document id list !
2023-11-16 14:07:14,913 [WARN] DbBoards:127 - board STEVAL-IDP005V2 has no document id list !
2023-11-16 14:07:14,913 [WARN] DbBoards:127 - board STEVAL-MKSBOX1V1 has no document id list !
2023-11-16 14:07:14,913 [WARN] DbBoards:127 - board STEVAL-STWINKT1 has no document id list !
2023-11-16 14:07:14,914 [WARN] DbBoards:127 - board STEVAL-STWINKT1B has no document id list !
2023-11-16 14:07:14,914 [WARN] DbBoards:127 - board STM32439I-EVAL2 has no document id list !
2023-11-16 14:07:14,915 [WARN] DbBoards:127 - board STM32F401C-DISCO has no document id list !
2023-11-16 14:07:14,916 [WARN] DbBoards:127 - board STM32F769I-DISC1 has no document id list !
2023-11-16 14:07:14,917 [WARN] DbBoards:127 - board STM32G474E-EVAL1 has no document id list !
2023-11-16 14:07:14,918 [WARN] DbBoards:127 - board STM32H743I-EVAL2 has no document id list !
2023-11-16 14:07:14,919 [WARN] DbBoards:127 - board STM32H747I-DISC1 has no document id list !
2023-11-16 14:07:14,920 [WARN] DbBoards:127 - board STM32H753I-EVAL2 has no document id list !
2023-11-16 14:07:14,921 [WARN] DbBoards:127 - board STM32L-DISCOVERY has no document id list !
2023-11-16 14:07:15,634 [ERROR] DbBoards:189 - Image file not found for board B-U585I-IOT02A: D:\MCU\STM32\stm32cubeide_1.7.0\STM32CubeIDE\plugins\com.st.stm32cube.common.mx_6.3.0.202107141111\\db\/plugins/mcufinder/images/boards/B-U585I-IOT02A_small.jpg
2023-11-16 14:07:16,120 [ERROR] DbBoards:189 - Image file not found for board NUCLEO-F413ZH: D:\MCU\STM32\stm32cubeide_1.7.0\STM32CubeIDE\plugins\com.st.stm32cube.common.mx_6.3.0.202107141111\\db\/plugins/mcufinder/images/boards/nucleo-f413zh_small.jpg
2023-11-16 14:07:16,871 [ERROR] DbBoards:189 - Image file not found for board NUCLEO-L552ZE-Q: D:\MCU\STM32\stm32cubeide_1.7.0\STM32CubeIDE\plugins\com.st.stm32cube.common.mx_6.3.0.202107141111\\db\/plugins/mcufinder/images/boards/nucleo_l552ze_q_small.jpg
2023-11-16 14:07:16,872 [ERROR] DbBoards:189 - Image file not found for board NUCLEO-U575ZI-Q: D:\MCU\STM32\stm32cubeide_1.7.0\STM32CubeIDE\plugins\com.st.stm32cube.common.mx_6.3.0.202107141111\\db\/plugins/mcufinder/images/boards/nucleo-u575zi-q_small.jpg
2023-11-16 14:07:16,872 [ERROR] DbBoards:189 - Image file not found for board NUCLEO-WB15CC: D:\MCU\STM32\stm32cubeide_1.7.0\STM32CubeIDE\plugins\com.st.stm32cube.common.mx_6.3.0.202107141111\\db\/plugins/mcufinder/images/boards/nucleo-wb15cc_small.jpg
2023-11-16 14:07:16,873 [ERROR] DbBoards:189 - Image file not found for board NUCLEO-WB55RG: D:\MCU\STM32\stm32cubeide_1.7.0\STM32CubeIDE\plugins\com.st.stm32cube.common.mx_6.3.0.202107141111\\db\/plugins/mcufinder/images/boards/nucleo-wb55rg_small.jpg
2023-11-16 14:07:22,546 [INFO] ApiDb:251 - Load user favorites file C:\Users\HOME/.stm32cubeide/favorites.boards.txt: 0 item(s)
2023-11-16 14:07:22,547 [INFO] ApiDb:255 - User favorites Boards=[]
2023-11-16 14:07:22,547 [INFO] DbBoards:206 - Set 0 / 0 favorites Boards
2023-11-16 14:07:22,553 [INFO] DbBoardsDocs:79 - Found 418 boards documents
2023-11-16 14:07:22,554 [INFO] ApiDb:276 - Save user favorites file C:\Users\HOME/.stm32cubeide/favorites.boards.txt: 0 item(s)
2023-11-16 14:07:22,554 [INFO] ApiDb:280 - User favorites Boards=[]
2023-11-16 14:07:22,559 [INFO] DbBoardsPdsc:90 - Found 25 items
2023-11-16 14:07:22,562 [INFO] DbBoardsPdsc:90 - Found 9 items
2023-11-16 14:07:22,567 [INFO] DbBoardsPdsc:90 - Found 33 items
2023-11-16 14:07:22,569 [INFO] DbBoardsPdsc:90 - Found 1 items
2023-11-16 14:07:22,579 [INFO] DbBoardsPdsc:90 - Found 48 items
2023-11-16 14:07:22,590 [INFO] DbBoardsPdsc:90 - Found 43 items
2023-11-16 14:07:22,592 [INFO] DbBoardsPdsc:90 - Found 2 items
2023-11-16 14:07:22,595 [INFO] DbBoardsPdsc:90 - Found 5 items
2023-11-16 14:07:22,600 [WARN] DbBoardsPdsc:254 - Board STM32H7B3I-DK: unknown feature type=Audio, name=, username=Audio stereo codec with Headphone Amp (CS42L51-CNZ), n=1
2023-11-16 14:07:22,601 [WARN] DbBoardsPdsc:254 - Board STM32H735G-DK: unknown feature type=Audio, name=, username=Audio stereo codec with Headphone Amp (WM8994ECS/R), n=1
2023-11-16 14:07:22,604 [WARN] DbBoardsPdsc:254 - Board STM32H7B3I-EVAL: unknown feature type=Audio, name=, username=Multi-Channel Audio Codec (CS42L51-CNZ), n=1
2023-11-16 14:07:22,605 [WARN] DbBoardsPdsc:254 - Board STM32H7B3I-EVAL: unknown feature type=Meter, name=, username=Power-metering and Temperature-monitoring with sigma-delta modulators, n=1
2023-11-16 14:07:22,605 [WARN] DbBoardsPdsc:254 - Board STM32H7B3I-EVAL: unknown feature type=Motor, name=, username=Motor Control, n=1
2023-11-16 14:07:22,606 [WARN] DbBoardsPdsc:254 - Board STM32U575I-EV: unknown feature type=joystick, name=, username=4-direction joystick with selection button, n=1
2023-11-16 14:07:22,641 [INFO] DbBoardsJson:86 - JSON generation date=Tue Nov 16 23:17:54 ICT 2021 (1637079474)
2023-11-16 14:07:22,652 [INFO] DbBoards:117 - Found 167 boards (163 are supported by CubeMX)
2023-11-16 14:07:22,653 [WARN] DbBoards:127 - board B-L475E-IOT01A2 has no document id list !
2023-11-16 14:07:22,655 [WARN] DbBoards:127 - board NUCLEO-H743ZI has no document id list !
2023-11-16 14:07:22,656 [WARN] DbBoards:127 - board NUCLEO-WL55JC2 has no document id list !
2023-11-16 14:07:22,656 [WARN] DbBoards:127 - board P-NUCLEO-WB55-Nucleo has no document id list !
2023-11-16 14:07:22,656 [WARN] DbBoards:127 - board P-NUCLEO-WB55-USBDongle has no document id list !
2023-11-16 14:07:22,656 [WARN] DbBoards:127 - board STEVAL-BFA001V1B has no document id list !
2023-11-16 14:07:22,656 [WARN] DbBoards:127 - board STEVAL-BFA001V2B has no document id list !
2023-11-16 14:07:22,656 [WARN] DbBoards:127 - board STEVAL-IDP005V1 has no document id list !
2023-11-16 14:07:22,657 [WARN] DbBoards:127 - board STEVAL-IDP005V2 has no document id list !
2023-11-16 14:07:22,657 [WARN] DbBoards:127 - board STEVAL-MKSBOX1V1 has no document id list !
2023-11-16 14:07:22,657 [WARN] DbBoards:127 - board STEVAL-STWINKT1 has no document id list !
2023-11-16 14:07:22,657 [WARN] DbBoards:127 - board STEVAL-STWINKT1B has no document id list !
2023-11-16 14:07:22,657 [WARN] DbBoards:127 - board STM32439I-EVAL2 has no document id list !
2023-11-16 14:07:22,657 [WARN] DbBoards:127 - board STM32F401C-DISCO has no document id list !
2023-11-16 14:07:22,658 [WARN] DbBoards:127 - board STM32F769I-DISC1 has no document id list !
2023-11-16 14:07:22,658 [WARN] DbBoards:127 - board STM32G474E-EVAL1 has no document id list !
2023-11-16 14:07:22,658 [WARN] DbBoards:127 - board STM32H743I-EVAL2 has no document id list !
2023-11-16 14:07:22,658 [WARN] DbBoards:127 - board STM32H747I-DISC1 has no document id list !
2023-11-16 14:07:22,659 [WARN] DbBoards:127 - board STM32H753I-EVAL2 has no document id list !
2023-11-16 14:07:22,659 [WARN] DbBoards:127 - board STM32L-DISCOVERY has no document id list !
2023-11-16 14:07:22,823 [ERROR] DbBoards:189 - Image file not found for board B-U585I-IOT02A: D:\MCU\STM32\stm32cubeide_1.7.0\STM32CubeIDE\plugins\com.st.stm32cube.common.mx_6.3.0.202107141111\\db\/plugins/mcufinder/images/boards/B-U585I-IOT02A_small.jpg
2023-11-16 14:07:22,995 [ERROR] DbBoards:189 - Image file not found for board NUCLEO-F413ZH: D:\MCU\STM32\stm32cubeide_1.7.0\STM32CubeIDE\plugins\com.st.stm32cube.common.mx_6.3.0.202107141111\\db\/plugins/mcufinder/images/boards/nucleo-f413zh_small.jpg
2023-11-16 14:07:23,380 [ERROR] DbBoards:189 - Image file not found for board NUCLEO-L552ZE-Q: D:\MCU\STM32\stm32cubeide_1.7.0\STM32CubeIDE\plugins\com.st.stm32cube.common.mx_6.3.0.202107141111\\db\/plugins/mcufinder/images/boards/nucleo_l552ze_q_small.jpg
2023-11-16 14:07:23,381 [ERROR] DbBoards:189 - Image file not found for board NUCLEO-U575ZI-Q: D:\MCU\STM32\stm32cubeide_1.7.0\STM32CubeIDE\plugins\com.st.stm32cube.common.mx_6.3.0.202107141111\\db\/plugins/mcufinder/images/boards/nucleo-u575zi-q_small.jpg
2023-11-16 14:07:23,381 [ERROR] DbBoards:189 - Image file not found for board NUCLEO-WB15CC: D:\MCU\STM32\stm32cubeide_1.7.0\STM32CubeIDE\plugins\com.st.stm32cube.common.mx_6.3.0.202107141111\\db\/plugins/mcufinder/images/boards/nucleo-wb15cc_small.jpg
2023-11-16 14:07:23,381 [ERROR] DbBoards:189 - Image file not found for board NUCLEO-WB55RG: D:\MCU\STM32\stm32cubeide_1.7.0\STM32CubeIDE\plugins\com.st.stm32cube.common.mx_6.3.0.202107141111\\db\/plugins/mcufinder/images/boards/nucleo-wb55rg_small.jpg
2023-11-16 14:07:25,111 [INFO] ApiDb:251 - Load user favorites file C:\Users\HOME/.stm32cubeide/favorites.boards.txt: 0 item(s)
2023-11-16 14:07:25,111 [INFO] ApiDb:255 - User favorites Boards=[]
2023-11-16 14:07:25,112 [INFO] DbBoards:206 - Set 0 / 0 favorites Boards
2023-11-16 14:07:25,769 [INFO] ServerAccessManage:362 - Download File 
2023-11-16 14:07:25,812 [INFO] LoadUrlFilesThread:172 - End of LoadServerUrlFiles without Thread
2023-11-16 14:07:25,812 [INFO] TargetSelectorAdapter:224 - Refresh data is successful
2023-11-16 14:07:26,125 [INFO] ApiDb:479 - Connected to CubeFinder SQLite database (C:\Users\HOME\.stmcufinder\plugins\mcufinder\mcu\cube-finder-db.db)
2023-11-16 14:07:28,832 [ERROR] DbExamplesSqlite:446 - Missing JSON key: board_cpn
2023-11-16 14:07:28,832 [ERROR] DbExamplesSqlite:446 - Missing JSON key: board_cpn
2023-11-16 14:07:28,833 [ERROR] DbExamplesSqlite:446 - Missing JSON key: board_cpn
2023-11-16 14:07:28,833 [ERROR] DbExamplesSqlite:446 - Missing JSON key: board_cpn
2023-11-16 14:07:28,859 [INFO] DbExamplesSqlite:411 - Ignored 27 examples not supported by CubeIDE
2023-11-16 14:07:28,860 [INFO] DbExamplesSqlite:412 - Found 7221 examples active
2023-11-16 14:07:28,860 [INFO] DbExamplesSqlite:413 - Found 777 examples obsolete
2023-11-16 14:07:28,860 [INFO] DbExamplesSqlite:414 - Found 0 examples under development
2023-11-16 14:07:28,861 [INFO] DbExamplesSqlite:415 - Found 74 examples not building
2023-11-16 14:07:29,079 [INFO] DbExamplesSqlite:108 - CubeFinder database Data Model version=2.1
2023-11-16 14:07:29,079 [INFO] DbExamplesSqlite:109 - CubeFinder database Configuration version=3.0.37
2023-11-16 14:07:29,080 [INFO] DbExamplesSqlite:110 - CubeFinder database generation date=2023-10-13 (1697197505)
2023-11-16 14:07:29,080 [INFO] DbExamplesSqlite:111 - CubeFinder database FW Pack versions=[FP-ATR-ASTRA1_V2.0.0, FP-SNS-FLIGHT1_V5.0.1, FP-SNS-FLIGHT1_V5.0.2, FP-SNS-MOTENV1_V4.3.1, FP-SNS-MOTENV1_V4.3.2, FP-SNS-SMARTAG2_V1.2.0, I-CUBE-ITTIADB_V8.6.3-1, STM32Cube_FW_C0_V1.1.0, STM32Cube_FW_F4_V1.27.1, STM32Cube_FW_F7_V1.17.0, STM32Cube_FW_G0_V1.6.1, STM32Cube_FW_G4_V1.5.1, STM32Cube_FW_H5_V0.5.1, STM32Cube_FW_H5_V1.1.1, STM32Cube_FW_H7_V1.11.0, STM32Cube_FW_L0_V1.12.2, STM32Cube_FW_L5_V1.5.0, STM32Cube_FW_U5_V1.3.0, STM32Cube_FW_U5_V1.3.0RC4, STM32Cube_FW_WBA_V1.0.0RC1, STM32Cube_FW_WBA_V1.1.0RC1, STM32Cube_FW_WBA_V1.1.1, STM32Cube_FW_WB_V1.15.0RC1, STM32Cube_FW_WB_V1.16.0, STM32Cube_FW_WB_V1.16.0RC2, STM32Cube_FW_WB_V1.17.3, STM32Cube_FW_WL_V1.3.0, X-CUBE-ALGOBUILD_V1.3.0, X-CUBE-ALS_V1.0.1, X-CUBE-AZRTOS-F4_V1.1.0, X-CUBE-AZRTOS-F7_V1.1.0, X-CUBE-AZRTOS-G0_V1.1.0, X-CUBE-AZRTOS-G4_V2.0.0, X-CUBE-AZRTOS-H7_V3.1.0, X-CUBE-AZRTOS-L4_V1.0.0, X-CUBE-AZRTOS-L4_V2.0.0, X-CUBE-AZRTOS-L5_V1.1.0, X-CUBE-AZRTOS-WB_V2.0.0, X-CUBE-AZRTOS-WL_V2.0.0, X-CUBE-BLE1_V7.0.0, X-CUBE-BLE2_V3.3.0, X-CUBE-BLEMGR_V2.0.0, X-CUBE-EEPRMA1_V4.1.0, X-CUBE-FREERTOS_V1.1.0, X-CUBE-GNSS1_V6.0.0, X-CUBE-MEMS1_V10.0.0, X-CUBE-MEMS1_V9.1.0, X-CUBE-MEMS1_V9.4.0, X-CUBE-MEMS1_V9.6.0, X-CUBE-NFC4_V3.0.0, X-CUBE-NFC7_V1.0.1, X-CUBE-SFXS2LP1_V4.0.0, X-CUBE-SUBG2_V5.0.0, X-CUBE-TOF1_V3.3.1]
2023-11-16 14:07:29,085 [INFO] DbExamples:130 - Found 7268 examples
2023-11-16 14:07:31,438 [ERROR] DbExamples:206 - Found 7268 examples with invalid data (board or MCU)
2023-11-16 14:07:31,439 [INFO] DbExamples:222 - Found 79 boards with related examples
2023-11-16 14:07:31,440 [INFO] DbExamples:235 - Found 0 MCUs with related examples
2023-11-16 14:07:31,479 [INFO] ApiDb:242 - User favorites file not found: C:\Users\HOME/.stm32cubeide/favorites.examples.txt
2023-11-16 14:07:31,480 [INFO] DbExamples:256 - Set 0 / 0 favorites Examples
2023-11-16 14:07:32,855 [INFO] McuFinderGlobals:52 - Set McuFinderConnectedMode to false
2023-11-16 14:07:33,253 [INFO] CrossSelectorPresenter:1330 - Cross Selector saved comparison directory: C:\Users\HOME\.stmcufinder\plugins\mcufinder\mcu\cs_comparisons_mx
2023-11-16 14:07:33,280 [INFO] MultiScanPanel:197 - Auto-refresh data requested => check proxy status ongoing
2023-11-16 14:07:33,281 [INFO] MultiScanPanel:201 - Proxy status is invalid
2023-11-16 14:07:33,286 [INFO] FinderPluginLoader:87 - Searching for filters in installed packs
2023-11-16 14:07:34,679 [INFO] DetailPanel:309 - Set advertising image to C:/Users/HOME/STM32Cube/Repository/\en.prom-stm32h5-mcu-finder.jpg
2023-11-16 14:08:52,676 [INFO] MainUpdater:2671 - connection check result : 10
2023-11-16 14:08:52,678 [INFO] MainUpdater:2671 - connection check result : 10
2023-11-16 14:08:52,884 [INFO] MicroXplorer:448 - Change Database Path : 
2023-11-16 14:08:52,887 [INFO] MicroXplorer:478 - Change Database Version : DB.6.0.30
2023-11-16 14:08:52,888 [WARN] ThirdParty:813 - waiting for thirdparty lock release [close project]
2023-11-16 14:08:52,889 [INFO] ThirdParty:815 - entering critical section [close project]
2023-11-16 14:08:52,891 [INFO] ThirdParty:825 - exiting critical section [close project]
2023-11-16 14:08:52,902 [INFO] PinOutPanel:1463 - setPackage(No Configuration,No Configuration)
2023-11-16 14:08:52,905 [INFO] UtilMem:74 - Begin LoadConfig() Used Memory: 583044984 Bytes (730857472)
2023-11-16 14:08:52,907 [INFO] MicroXplorer:448 - Change Database Path : 
2023-11-16 14:08:52,908 [INFO] MicroXplorer:478 - Change Database Version : DB.6.0.30
2023-11-16 14:08:52,908 [INFO] OpenFileManager:313 - Change cursor
2023-11-16 14:08:53,015 [WARN] IntegrityCheckThread:78 - waiting for thirdparty lock release [integrity check]
2023-11-16 14:08:53,016 [INFO] IntegrityCheckThread:80 - entering critical section [integrity check]
2023-11-16 14:08:53,768 [ERROR] Engine:463 - C:\Users\HOME\.stm32cubemx\thirdparties\pdsc\STMicroelectronics.X-CUBE-SMBUS.2.1.0.pdsc: PDSC version is not supported
2023-11-16 14:08:53,999 [WARN] PackLoader:238 - Cannot read IP mode file for STMicroelectronics.X-CUBE-AZRTOS-F7.1.1.0
2023-11-16 14:08:54,060 [ERROR] Engine:463 - C:\Users\HOME\.stm32cubemx\thirdparties\pdsc\STMicroelectronics.FP-SNS-MOTENV1.4.3.2.pdsc: PDSC version is not supported
2023-11-16 14:08:54,075 [ERROR] Engine:463 - C:\Users\HOME\.stm32cubemx\thirdparties\pdsc\STMicroelectronics.FP-SNS-FLIGHT1.5.0.2.pdsc: PDSC version is not supported
2023-11-16 14:08:54,133 [ERROR] Engine:463 - C:\Users\HOME\.stm32cubemx\thirdparties\pdsc\STMicroelectronics.X-CUBE-DISPLAY.3.0.0.pdsc: PDSC version is not supported
2023-11-16 14:08:54,185 [WARN] PackLoader:238 - Cannot read IP mode file for STMicroelectronics.X-CUBE-BLE1.7.0.0
2023-11-16 14:08:54,230 [ERROR] Engine:463 - C:\Users\HOME\.stm32cubemx\thirdparties\pdsc\emotas.I-CUBE-CANOPEN.1.3.0.pdsc: PDSC version is not supported
2023-11-16 14:08:54,268 [WARN] PackLoader:238 - Cannot read IP mode file for STMicroelectronics.X-CUBE-TOUCHGFX.4.22.0
2023-11-16 14:08:54,327 [WARN] PackLoader:238 - Cannot read IP mode file for STMicroelectronics.X-CUBE-TOUCHGFX.4.22.1
2023-11-16 14:08:54,362 [ERROR] Engine:463 - C:\Users\HOME\.stm32cubemx\thirdparties\pdsc\STMicroelectronics.FP-SNS-SMARTAG2.1.2.0.pdsc: PDSC version is not supported
2023-11-16 14:08:54,432 [INFO] LogOutputStream:76 - [STDOUT_REDIRECT] 1 : Invalid condition id : UX_CORESTACK_Condition cause : null
2023-11-16 14:08:54,434 [INFO] LogOutputStream:76 - [STDOUT_REDIRECT] 1 : Invalid condition id : UX_CORESTACK_Condition cause : null
2023-11-16 14:08:54,439 [INFO] LogOutputStream:76 - [STDOUT_REDIRECT] 1 : Invalid condition id : UX_CORESTACK_Condition cause : null
2023-11-16 14:08:54,445 [INFO] LogOutputStream:76 - [STDOUT_REDIRECT] 1 : Invalid condition id : UX_CORESTACK_Condition cause : null
2023-11-16 14:08:54,476 [INFO] LogOutputStream:76 - [STDOUT_REDIRECT] 1 : Invalid condition id : UX_CORESTACK_Condition cause : null
2023-11-16 14:08:54,489 [WARN] PackLoader:238 - Cannot read IP mode file for STMicroelectronics.X-CUBE-AZRTOS-WL.2.0.0
2023-11-16 14:08:54,574 [WARN] PackLoader:238 - Cannot read IP mode file for WES.I-CUBE-Cesium.1.3.0
2023-11-16 14:08:54,620 [WARN] PackLoader:238 - Cannot read IP mode file for STMicroelectronics.X-CUBE-BLE2.3.3.0
2023-11-16 14:08:54,665 [WARN] PackLoader:238 - Cannot read IP mode file for STMicroelectronics.X-CUBE-ALGOBUILD.1.3.0
2023-11-16 14:08:54,779 [WARN] PackLoader:238 - Cannot read IP mode file for STMicroelectronics.X-CUBE-AZRTOS-G0.1.1.0
2023-11-16 14:08:54,829 [WARN] PackLoader:238 - Cannot read IP mode file for STMicroelectronics.X-CUBE-NFC4.3.0.0
2023-11-16 14:08:54,868 [ERROR] Engine:463 - C:\Users\HOME\.stm32cubemx\thirdparties\pdsc\STMicroelectronics.X-CUBE-BLEMGR.3.0.0.pdsc: PDSC version is not supported
2023-11-16 14:08:54,890 [WARN] PackLoader:238 - Cannot read IP mode file for STMicroelectronics.FP-ATR-SIGFOX1.3.2.0
2023-11-16 14:08:55,041 [WARN] PackLoader:238 - Cannot read IP mode file for SEGGER.I-CUBE-embOS.1.3.1
2023-11-16 14:08:55,256 [WARN] PackLoader:238 - Cannot read IP mode file for STMicroelectronics.X-CUBE-GNSS1.6.0.0
2023-11-16 14:08:55,451 [WARN] PackLoader:238 - Cannot read IP mode file for STMicroelectronics.X-CUBE-AZRTOS-F4.1.1.0
2023-11-16 14:08:55,572 [WARN] PackLoader:238 - Cannot read IP mode file for wolfSSL.I-CUBE-wolfSSL.5.6.3
2023-11-16 14:08:55,699 [WARN] PackLoader:238 - Cannot read IP mode file for STMicroelectronics.X-CUBE-AZRTOS-L5.2.0.0
2023-11-16 14:08:55,921 [WARN] PackLoader:238 - Cannot read IP mode file for STMicroelectronics.X-CUBE-MEMS1.9.6.0
2023-11-16 14:08:56,689 [WARN] PackLoader:238 - Cannot read IP mode file for STMicroelectronics.X-CUBE-EEPRMA1.4.2.0
2023-11-16 14:08:56,728 [ERROR] Engine:463 - C:\Users\HOME\.stm32cubemx\thirdparties\pdsc\ITTIA_DB.I-CUBE-ITTIADB.8.8.0.pdsc: PDSC version is not supported
2023-11-16 14:08:56,781 [WARN] PackLoader:238 - Cannot read IP mode file for STMicroelectronics.X-CUBE-BLEMGR.2.0.0
2023-11-16 14:08:56,871 [WARN] ConditionMgr:437 - getConditionDescription Invalid condition id : UX DEVICE CLASS RTOS Condition cause : null
2023-11-16 14:08:56,878 [WARN] ConditionMgr:437 - getConditionDescription Invalid condition id : UX DEVICE CLASS RTOS Condition cause : null
2023-11-16 14:08:56,887 [WARN] PackLoader:238 - Cannot read IP mode file for STMicroelectronics.X-CUBE-AZRTOS-H7.3.1.0
2023-11-16 14:08:56,891 [WARN] ConditionMgr:1038 - genDependencies : Invalid condition id : UX DEVICE CLASS RTOS Condition cause : null
2023-11-16 14:08:56,892 [WARN] ConditionMgr:1038 - genDependencies : Invalid condition id : UX DEVICE CLASS RTOS Condition cause : null
2023-11-16 14:08:56,894 [WARN] ConditionMgr:1038 - genDependencies : Invalid condition id : UX DEVICE CLASS RTOS Condition cause : null
2023-11-16 14:08:56,896 [WARN] ConditionMgr:1038 - genDependencies : Invalid condition id : UX DEVICE CLASS RTOS Condition cause : null
2023-11-16 14:08:56,896 [WARN] ConditionMgr:1038 - genDependencies : Invalid condition id : UX DEVICE CLASS RTOS Condition cause : null
2023-11-16 14:08:56,954 [WARN] PackLoader:238 - Cannot read IP mode file for STMicroelectronics.X-CUBE-NFC7.1.0.1
2023-11-16 14:08:57,004 [WARN] PackLoader:238 - Cannot read IP mode file for STMicroelectronics.X-CUBE-NFC6.3.0.0
2023-11-16 14:08:57,126 [WARN] PackLoader:238 - Cannot read IP mode file for STMicroelectronics.X-CUBE-EEPRMA1.4.1.0
2023-11-16 14:08:57,164 [WARN] PackLoader:238 - Cannot read IP mode file for STMicroelectronics.X-CUBE-AI.8.1.0
2023-11-16 14:08:57,268 [WARN] ConditionMgr:437 - getConditionDescription Invalid condition id : LAN8742 Phy interface Condition cause : null
2023-11-16 14:08:57,270 [WARN] PackLoader:238 - Cannot read IP mode file for STMicroelectronics.X-CUBE-AZRTOS-L4.2.0.0
2023-11-16 14:08:57,282 [WARN] ConditionMgr:1038 - genDependencies : Invalid condition id : LAN8742 Phy interface Condition cause : null
2023-11-16 14:08:57,283 [WARN] ConditionMgr:1038 - genDependencies : Invalid condition id : LAN8742 Phy interface Condition cause : null
2023-11-16 14:08:57,285 [WARN] ConditionMgr:1038 - genDependencies : Invalid condition id : LAN8742 Phy interface Condition cause : null
2023-11-16 14:08:57,333 [WARN] PackLoader:238 - Cannot read IP mode file for STMicroelectronics.X-CUBE-SFXS2LP1.4.0.0
2023-11-16 14:08:57,366 [WARN] PackLoader:238 - Cannot read IP mode file for STMicroelectronics.X-CUBE-ISPU.1.1.0
2023-11-16 14:08:57,453 [WARN] ConditionMgr:437 - getConditionDescription Invalid condition id : UX DEVICE CLASS RTOS Condition cause : null
2023-11-16 14:08:57,453 [WARN] ConditionMgr:437 - getConditionDescription Invalid condition id : UX DEVICE CLASS RTOS Condition cause : null
2023-11-16 14:08:57,473 [WARN] PackLoader:238 - Cannot read IP mode file for STMicroelectronics.X-CUBE-AZRTOS-WB.2.0.0
2023-11-16 14:08:57,475 [WARN] ConditionMgr:1038 - genDependencies : Invalid condition id : UX DEVICE CLASS RTOS Condition cause : null
2023-11-16 14:08:57,476 [WARN] ConditionMgr:1038 - genDependencies : Invalid condition id : UX DEVICE CLASS RTOS Condition cause : null
2023-11-16 14:08:57,477 [WARN] ConditionMgr:1038 - genDependencies : Invalid condition id : UX DEVICE CLASS RTOS Condition cause : null
2023-11-16 14:08:57,478 [WARN] ConditionMgr:1038 - genDependencies : Invalid condition id : UX DEVICE CLASS RTOS Condition cause : null
2023-11-16 14:08:57,479 [WARN] ConditionMgr:1038 - genDependencies : Invalid condition id : UX DEVICE CLASS RTOS Condition cause : null
2023-11-16 14:08:57,564 [WARN] PackLoader:238 - Cannot read IP mode file for STMicroelectronics.X-CUBE-SUBG2.5.0.0
2023-11-16 14:08:57,648 [ERROR] Engine:463 - C:\Users\HOME\.stm32cubemx\thirdparties\pdsc\STMicroelectronics.X-CUBE-TOF1.3.3.1.pdsc: PDSC version is not supported
2023-11-16 14:08:57,738 [WARN] PackLoader:238 - Cannot read IP mode file for STMicroelectronics.X-CUBE-AZRTOS-G4.2.0.0
2023-11-16 14:08:57,800 [ERROR] Engine:463 - C:\Users\HOME\.stm32cubemx\thirdparties\pdsc\Infineon.AIROC-Wi-Fi-Bluetooth-STM32.1.5.1.pdsc: PDSC version is not supported
2023-11-16 14:08:57,804 [ERROR] Engine:463 - C:\Users\HOME\.stm32cubemx\thirdparties\pdsc\STMicroelectronics.FP-SNS-MOTENVWB1.1.3.0.pdsc: PDSC version is not supported
2023-11-16 14:08:58,020 [WARN] PackLoader:238 - Cannot read IP mode file for STMicroelectronics.X-CUBE-MEMS1.10.0.0
2023-11-16 14:08:58,597 [ERROR] Engine:463 - C:\Users\HOME\.stm32cubemx\thirdparties\pdsc\STMicroelectronics.X-CUBE-FREERTOS.1.1.0.pdsc: PDSC version is not supported
2023-11-16 14:08:58,633 [WARN] PackLoader:238 - Cannot read IP mode file for portGmbH.I-Cube-SoM-uGOAL.1.1.0
2023-11-16 14:08:58,661 [WARN] PackLoader:238 - Cannot read IP mode file for STMicroelectronics.X-CUBE-ALS.1.0.1
2023-11-16 14:08:58,701 [WARN] PackLoader:238 - Cannot read IP mode file for STMicroelectronics.FP-ATR-ASTRA1.2.0.0
2023-11-16 14:08:58,702 [INFO] ThirdParty:915 - Integrity check success = true
2023-11-16 14:08:58,702 [INFO] IntegrityCheckThread:94 - exiting critical section [integrity check]
2023-11-16 14:08:58,702 [INFO] IntegrityCheckThread:97 - End integrity checks thread
2023-11-16 14:09:01,871 [INFO] Context:592 - Trying to add GPIOservice into a context  which must be forbidden
2023-11-16 14:09:02,786 [INFO] ImportTextPane:167 - (OptionalMessage_ERROR) Unable to find key (Mcu.ThirdPartyNb) in loaded IOC file
2023-11-16 14:09:02,787 [INFO] ImportTextPane:167 - (OptionalMessage_ERROR) Unable to find key (Mcu.PinsNb) in loaded IOC file
2023-11-16 14:09:02,787 [INFO] ImportTextPane:167 - (OptionalMessage_ERROR) Unable to find key (Mcu.IPNb) in loaded IOC file
2023-11-16 14:09:02,947 [WARN] ApiManager:304 - Cannot register API 'Board Extension:GNSS1A1' from pack STMicroelectronics.X-CUBE-GNSS1.6.0.0: no header file found
2023-11-16 14:09:02,947 [WARN] ApiManager:304 - Cannot register API 'Board Support:Custom' from pack STMicroelectronics.X-CUBE-GNSS1.6.0.0: no header file found
2023-11-16 14:09:02,948 [WARN] ApiManager:304 - Cannot register API 'Data Exchange:lib_gnss' from pack STMicroelectronics.X-CUBE-GNSS1.6.0.0: no header file found
2023-11-16 14:09:03,844 [WARN] ApiManager:304 - Cannot register API 'Board Extension:IKS01A3' from pack STMicroelectronics.X-CUBE-MEMS1.9.6.0: no header file found
2023-11-16 14:09:03,844 [WARN] ApiManager:304 - Cannot register API 'Board Extension:IKS01A2' from pack STMicroelectronics.X-CUBE-MEMS1.9.6.0: no header file found
2023-11-16 14:09:03,846 [WARN] ApiManager:304 - Cannot register API 'Board Extension:IKS02A1' from pack STMicroelectronics.X-CUBE-MEMS1.9.6.0: no header file found
2023-11-16 14:09:03,899 [WARN] ApiManager:304 - Cannot register API 'Board Extension:EEPRMA2' from pack STMicroelectronics.X-CUBE-EEPRMA1.4.2.0: no header file found
2023-11-16 14:09:03,900 [WARN] ApiManager:304 - Cannot register API 'Board Extension:PGEEZ1' from pack STMicroelectronics.X-CUBE-EEPRMA1.4.2.0: no header file found
2023-11-16 14:09:03,901 [WARN] ApiManager:304 - Cannot register API 'Board Part:M24' from pack STMicroelectronics.X-CUBE-EEPRMA1.4.2.0: no header file found
2023-11-16 14:09:03,901 [WARN] ApiManager:304 - Cannot register API 'Board Part:M95' from pack STMicroelectronics.X-CUBE-EEPRMA1.4.2.0: no header file found
2023-11-16 14:09:03,901 [WARN] ApiManager:304 - Cannot register API 'Board Part:M95P32' from pack STMicroelectronics.X-CUBE-EEPRMA1.4.2.0: no header file found
2023-11-16 14:09:03,902 [WARN] ApiManager:304 - Cannot register API 'PGEEZ1:SPI' from pack STMicroelectronics.X-CUBE-EEPRMA1.4.2.0: no header file found
2023-11-16 14:09:03,902 [WARN] ApiManager:304 - Cannot register API 'PGEEZ1:QDSPI' from pack STMicroelectronics.X-CUBE-EEPRMA1.4.2.0: no header file found
2023-11-16 14:09:03,907 [INFO] RtosManager:484 - Registered RTOS mode: class=CMSIS, group=RTOS, mode=CMSIS_V1, owner=FREERTOS
2023-11-16 14:09:03,908 [INFO] RtosManager:484 - Registered RTOS mode: class=CMSIS, group=RTOS2, mode=CMSIS_V2, owner=FREERTOS
2023-11-16 14:09:03,908 [INFO] RtosManager:484 - Registered RTOS mode: class=RTOS, group=Core, mode=CMSIS_V1, owner=FREERTOS
2023-11-16 14:09:03,908 [INFO] RtosManager:484 - Registered RTOS mode: class=RTOS, group=Core, mode=CMSIS_V2, owner=FREERTOS
2023-11-16 14:09:03,909 [WARN] ModelIntegratedComponent:181 - Missing modes for component STMicroelectronics:FreeRTOS:0.0.1:STMicroelectronics:RTOS:FreeRTOS:Core:::10.2.0:
2023-11-16 14:09:03,923 [WARN] ApiManager:304 - Cannot register API 'Board Extension:NFC04A1' from pack STMicroelectronics.X-CUBE-NFC4.3.0.0: no header file found
2023-11-16 14:09:03,940 [WARN] ApiManager:304 - Cannot register API 'Board Extension:S2868A1' from pack STMicroelectronics.X-CUBE-SUBG2.5.0.0: no header file found
2023-11-16 14:09:03,941 [WARN] ApiManager:304 - Cannot register API 'Board Extension:S2868A2' from pack STMicroelectronics.X-CUBE-SUBG2.5.0.0: no header file found
2023-11-16 14:09:03,942 [WARN] ApiManager:304 - Cannot register API 'Board Extension:S2915A1' from pack STMicroelectronics.X-CUBE-SUBG2.5.0.0: no header file found
2023-11-16 14:09:03,958 [WARN] ApiManager:304 - Cannot register API 'Wireless:BlueNRG-MS' from pack STMicroelectronics.X-CUBE-BLE1.7.0.0: no header file found
2023-11-16 14:09:03,965 [WARN] ModelIntegratedComponent:60 - No mode defined for component null
2023-11-16 14:09:03,967 [WARN] ModelIntegratedComponent:60 - No mode defined for component null
2023-11-16 14:09:03,970 [WARN] ModelIntegratedComponent:60 - No mode defined for component null
2023-11-16 14:09:03,971 [WARN] ModelIntegratedComponent:60 - No mode defined for component null
2023-11-16 14:09:03,972 [WARN] ModelIntegratedComponent:60 - No mode defined for component null
2023-11-16 14:09:03,973 [WARN] ModelIntegratedComponent:60 - No mode defined for component null
2023-11-16 14:09:03,973 [WARN] ModelIntegratedComponent:60 - No mode defined for component null
2023-11-16 14:09:03,973 [WARN] ModelIntegratedComponent:60 - No mode defined for component null
2023-11-16 14:09:03,974 [WARN] ModelIntegratedComponent:60 - No mode defined for component null
2023-11-16 14:09:03,974 [WARN] ModelIntegratedComponent:60 - No mode defined for component null
2023-11-16 14:09:03,974 [WARN] ModelIntegratedComponent:60 - No mode defined for component null
2023-11-16 14:09:03,974 [WARN] ModelIntegratedComponent:60 - No mode defined for component null
2023-11-16 14:09:03,975 [WARN] ModelIntegratedComponent:60 - No mode defined for component null
2023-11-16 14:09:03,975 [WARN] ModelIntegratedComponent:60 - No mode defined for component null
2023-11-16 14:09:03,975 [WARN] ModelIntegratedComponent:60 - No mode defined for component null
2023-11-16 14:09:03,976 [WARN] ModelIntegratedComponent:60 - No mode defined for component null
2023-11-16 14:09:03,976 [WARN] ModelIntegratedComponent:60 - No mode defined for component null
2023-11-16 14:09:03,976 [WARN] ModelIntegratedComponent:60 - No mode defined for component null
2023-11-16 14:09:03,976 [WARN] ModelIntegratedComponent:60 - No mode defined for component null
2023-11-16 14:09:03,977 [WARN] ModelIntegratedComponent:60 - No mode defined for component null
2023-11-16 14:09:03,977 [WARN] ModelIntegratedComponent:60 - No mode defined for component null
2023-11-16 14:09:03,977 [WARN] ModelIntegratedComponent:60 - No mode defined for component null
2023-11-16 14:09:03,977 [WARN] ModelIntegratedComponent:60 - No mode defined for component null
2023-11-16 14:09:03,978 [WARN] ModelIntegratedComponent:60 - No mode defined for component null
2023-11-16 14:09:03,978 [WARN] ModelIntegratedComponent:60 - No mode defined for component null
2023-11-16 14:09:03,981 [WARN] ModelIntegratedComponent:60 - No mode defined for component null
2023-11-16 14:09:03,982 [WARN] ModelIntegratedComponent:60 - No mode defined for component null
2023-11-16 14:09:03,982 [WARN] ModelIntegratedComponent:60 - No mode defined for component null
2023-11-16 14:09:03,982 [WARN] ModelIntegratedComponent:60 - No mode defined for component null
2023-11-16 14:09:03,983 [WARN] ModelIntegratedComponent:60 - No mode defined for component null
2023-11-16 14:09:03,983 [WARN] ModelIntegratedComponent:60 - No mode defined for component null
2023-11-16 14:09:04,582 [WARN] ApiManager:304 - Cannot register API 'Board Extension:IKS01A3' from pack STMicroelectronics.X-CUBE-MEMS1.10.0.0: no header file found
2023-11-16 14:09:04,583 [WARN] ApiManager:304 - Cannot register API 'Board Extension:IKS02A1' from pack STMicroelectronics.X-CUBE-MEMS1.10.0.0: no header file found
2023-11-16 14:09:04,583 [WARN] ApiManager:304 - Cannot register API 'Board Extension:IKS4A1' from pack STMicroelectronics.X-CUBE-MEMS1.10.0.0: no header file found
2023-11-16 14:09:04,609 [WARN] ApiManager:304 - Cannot register API 'Board Extension:NFC07A1' from pack STMicroelectronics.X-CUBE-NFC7.1.0.1: no header file found
2023-11-16 14:09:04,611 [WARN] ApiManager:304 - Cannot register API 'Board Extension:NFC06A1' from pack STMicroelectronics.X-CUBE-NFC6.3.0.0: no header file found
2023-11-16 14:09:04,611 [WARN] ApiManager:304 - Cannot register API 'Board Extension:NFC08A1' from pack STMicroelectronics.X-CUBE-NFC6.3.0.0: no header file found
2023-11-16 14:09:04,614 [WARN] ApiManager:304 - Cannot register API 'Board Extension:EEPRMA1' from pack STMicroelectronics.X-CUBE-EEPRMA1.4.1.0: no header file found
2023-11-16 14:09:04,615 [WARN] ApiManager:304 - Cannot register API 'Board Extension:EEPRMA2' from pack STMicroelectronics.X-CUBE-EEPRMA1.4.1.0: no header file found
2023-11-16 14:09:04,615 [WARN] ApiManager:304 - Cannot register API 'Board Extension:PGEEZ1' from pack STMicroelectronics.X-CUBE-EEPRMA1.4.1.0: no header file found
2023-11-16 14:09:04,615 [WARN] ApiManager:304 - Cannot register API 'Board Part:M24' from pack STMicroelectronics.X-CUBE-EEPRMA1.4.1.0: no header file found
2023-11-16 14:09:04,615 [WARN] ApiManager:304 - Cannot register API 'Board Part:M95' from pack STMicroelectronics.X-CUBE-EEPRMA1.4.1.0: no header file found
2023-11-16 14:09:04,615 [WARN] ApiManager:304 - Cannot register API 'Board Part:M95P32' from pack STMicroelectronics.X-CUBE-EEPRMA1.4.1.0: no header file found
2023-11-16 14:09:04,615 [WARN] ApiManager:304 - Cannot register API 'PGEEZ1:SPI' from pack STMicroelectronics.X-CUBE-EEPRMA1.4.1.0: no header file found
2023-11-16 14:09:04,616 [WARN] ApiManager:304 - Cannot register API 'PGEEZ1:QDSPI' from pack STMicroelectronics.X-CUBE-EEPRMA1.4.1.0: no header file found
2023-11-16 14:09:04,639 [WARN] ApiManager:304 - Cannot register API 'Board Extension:S2868A1' from pack STMicroelectronics.X-CUBE-SFXS2LP1.4.0.0: no header file found
2023-11-16 14:09:04,639 [WARN] ApiManager:304 - Cannot register API 'Board Extension:S2868A2' from pack STMicroelectronics.X-CUBE-SFXS2LP1.4.0.0: no header file found
2023-11-16 14:09:04,640 [WARN] ApiManager:304 - Cannot register API 'Board Extension:S2915A1' from pack STMicroelectronics.X-CUBE-SFXS2LP1.4.0.0: no header file found
2023-11-16 14:09:04,642 [WARN] ApiManager:304 - Cannot register API 'Wireless:BlueNRG-2' from pack STMicroelectronics.X-CUBE-BLE2.3.3.0: no header file found
2023-11-16 14:09:14,641 [INFO] UtilMem:74 - End LoadConfig() Used Memory: 589013000 Bytes (730857472)
2023-11-16 14:09:14,702 [WARN] ThirdParty:779 - waiting for thirdparty lock release [change project]
2023-11-16 14:09:14,702 [INFO] ThirdParty:781 - entering critical section [change project]
2023-11-16 14:09:14,702 [INFO] ThirdParty:967 - CMSIS Pack Vendor :STMicroelectronics X-CUBE-ISPU 1.1.0
2023-11-16 14:09:14,703 [INFO] ThirdParty:967 - CMSIS Pack Vendor :STMicroelectronics X-CUBE-GNSS1 6.0.0
2023-11-16 14:09:14,703 [INFO] ThirdParty:967 - CMSIS Pack Vendor :STMicroelectronics USB_HOST 2.0.0
2023-11-16 14:09:14,703 [INFO] ThirdParty:967 - CMSIS Pack Vendor :STMicroelectronics X-CUBE-AZRTOS-F4 1.1.0
2023-11-16 14:09:14,703 [INFO] ThirdParty:967 - CMSIS Pack Vendor :wolfSSL I-CUBE-wolfSSL 5.6.3
2023-11-16 14:09:14,704 [INFO] ThirdParty:967 - CMSIS Pack Vendor :STMicroelectronics USB_DEVICE 3.0.0
2023-11-16 14:09:14,704 [INFO] ThirdParty:967 - CMSIS Pack Vendor :STMicroelectronics X-CUBE-AZRTOS-WB 2.0.0
2023-11-16 14:09:14,704 [INFO] ThirdParty:967 - CMSIS Pack Vendor :STMicroelectronics X-CUBE-AZRTOS-F7 1.1.0
2023-11-16 14:09:14,704 [INFO] ThirdParty:967 - CMSIS Pack Vendor :STMicroelectronics X-CUBE-AZRTOS-L5 2.0.0
2023-11-16 14:09:14,707 [INFO] ThirdParty:967 - CMSIS Pack Vendor :STMicroelectronics USB_DEVICE 2.0.0
2023-11-16 14:09:14,708 [INFO] ThirdParty:967 - CMSIS Pack Vendor :STMicroelectronics X-CUBE-MEMS1 9.6.0
2023-11-16 14:09:14,708 [INFO] ThirdParty:967 - CMSIS Pack Vendor :STMicroelectronics X-CUBE-EEPRMA1 4.2.0
2023-11-16 14:09:14,708 [INFO] ThirdParty:967 - CMSIS Pack Vendor :STMicroelectronics X-CUBE-ALGOBUILD 1.3.0
2023-11-16 14:09:14,708 [INFO] ThirdParty:967 - CMSIS Pack Vendor :STMicroelectronics FreeRTOS 0.0.1
2023-11-16 14:09:14,708 [INFO] ThirdParty:967 - CMSIS Pack Vendor :STMicroelectronics X-CUBE-AZRTOS-G0 1.1.0
2023-11-16 14:09:14,708 [INFO] ThirdParty:967 - CMSIS Pack Vendor :STMicroelectronics X-CUBE-BLEMGR 2.0.0
2023-11-16 14:09:14,708 [INFO] ThirdParty:967 - CMSIS Pack Vendor :STMicroelectronics X-CUBE-NFC4 3.0.0
2023-11-16 14:09:14,709 [INFO] ThirdParty:967 - CMSIS Pack Vendor :STMicroelectronics X-CUBE-SUBG2 5.0.0
2023-11-16 14:09:14,709 [INFO] ThirdParty:967 - CMSIS Pack Vendor :STMicroelectronics lwIP 2.0.3
2023-11-16 14:09:14,709 [INFO] ThirdParty:967 - CMSIS Pack Vendor :STMicroelectronics USB_HOST 1.0.0
2023-11-16 14:09:14,709 [INFO] ThirdParty:967 - CMSIS Pack Vendor :STMicroelectronics X-CUBE-AZRTOS-G4 2.0.0
2023-11-16 14:09:14,709 [INFO] ThirdParty:967 - CMSIS Pack Vendor :STMicroelectronics PDM2PCM 3.1.0
2023-11-16 14:09:14,709 [INFO] ThirdParty:967 - CMSIS Pack Vendor :STMicroelectronics X-CUBE-AZRTOS-H7 3.1.0
2023-11-16 14:09:14,709 [INFO] ThirdParty:967 - CMSIS Pack Vendor :STMicroelectronics PDM2PCM 3.3.0
2023-11-16 14:09:14,709 [INFO] ThirdParty:967 - CMSIS Pack Vendor :STMicroelectronics X-CUBE-BLE1 7.0.0
2023-11-16 14:09:14,710 [INFO] ThirdParty:967 - CMSIS Pack Vendor :STMicroelectronics FP-ATR-SIGFOX1 3.2.0
2023-11-16 14:09:14,710 [INFO] ThirdParty:967 - CMSIS Pack Vendor :STMicroelectronics HAL Drivers 0.0.0
2023-11-16 14:09:14,710 [INFO] ThirdParty:967 - CMSIS Pack Vendor :STMicroelectronics MBEDTLS 2.16.2
2023-11-16 14:09:14,710 [INFO] ThirdParty:967 - CMSIS Pack Vendor :STMicroelectronics X-CUBE-MEMS1 10.0.0
2023-11-16 14:09:14,710 [INFO] ThirdParty:967 - CMSIS Pack Vendor :STMicroelectronics X-CUBE-TOUCHGFX 4.22.0
2023-11-16 14:09:14,710 [INFO] ThirdParty:967 - CMSIS Pack Vendor :STMicroelectronics X-CUBE-NFC7 1.0.1
2023-11-16 14:09:14,710 [INFO] ThirdParty:967 - CMSIS Pack Vendor :STMicroelectronics MBEDTLS 2.14.1
2023-11-16 14:09:14,711 [INFO] ThirdParty:967 - CMSIS Pack Vendor :STMicroelectronics X-CUBE-TOUCHGFX 4.22.1
2023-11-16 14:09:14,711 [INFO] ThirdParty:967 - CMSIS Pack Vendor :STMicroelectronics X-CUBE-NFC6 3.0.0
2023-11-16 14:09:14,711 [INFO] ThirdParty:967 - CMSIS Pack Vendor :STMicroelectronics X-CUBE-EEPRMA1 4.1.0
2023-11-16 14:09:14,711 [INFO] ThirdParty:967 - CMSIS Pack Vendor :portGmbH I-Cube-SoM-uGOAL 1.1.0
2023-11-16 14:09:14,711 [INFO] ThirdParty:967 - CMSIS Pack Vendor :STMicroelectronics X-CUBE-ALS 1.0.1
2023-11-16 14:09:14,711 [INFO] ThirdParty:967 - CMSIS Pack Vendor :STMicroelectronics X-CUBE-AZRTOS-WL 2.0.0
2023-11-16 14:09:14,711 [INFO] ThirdParty:967 - CMSIS Pack Vendor :SEGGER I-CUBE-embOS 1.3.1
2023-11-16 14:09:14,712 [INFO] ThirdParty:967 - CMSIS Pack Vendor :STMicroelectronics USB_DEVICE 1.0.0
2023-11-16 14:09:14,712 [INFO] ThirdParty:967 - CMSIS Pack Vendor :STMicroelectronics X-CUBE-AI 8.1.0
2023-11-16 14:09:14,712 [INFO] ThirdParty:967 - CMSIS Pack Vendor :STMicroelectronics X-CUBE-AZRTOS-L4 2.0.0
2023-11-16 14:09:14,712 [INFO] ThirdParty:967 - CMSIS Pack Vendor :STMicroelectronics ThreadX 0.0.2
2023-11-16 14:09:14,712 [INFO] ThirdParty:967 - CMSIS Pack Vendor :WES I-CUBE-Cesium 1.3.0
2023-11-16 14:09:14,712 [INFO] ThirdParty:967 - CMSIS Pack Vendor :STMicroelectronics FP-ATR-ASTRA1 2.0.0
2023-11-16 14:09:14,712 [INFO] ThirdParty:967 - CMSIS Pack Vendor :STMicroelectronics lwIP 2.1.2
2023-11-16 14:09:14,712 [INFO] ThirdParty:967 - CMSIS Pack Vendor :STMicroelectronics X-CUBE-SFXS2LP1 4.0.0
2023-11-16 14:09:14,713 [INFO] ThirdParty:967 - CMSIS Pack Vendor :STMicroelectronics X-CUBE-BLE2 3.3.0
2023-11-16 14:09:14,713 [INFO] ThirdParty:967 - CMSIS Pack Vendor :STMicroelectronics PDM2PCM 3.2.0
2023-11-16 14:09:14,713 [INFO] ThirdParty:787 - exiting critical section [change project]
2023-11-16 14:09:15,642 [INFO] PinOutPanel:1463 - setPackage(No Configuration,No Configuration)
2023-11-16 14:09:15,645 [INFO] PinOutPanel:1463 - setPackage(STM32F103RBTx,LQFP64)
2023-11-16 14:09:17,048 [INFO] UtilMem:74 - Before build in PCC Used Memory: 556266192 Bytes (730857472)
2023-11-16 14:09:19,299 [INFO] UtilMem:74 - After build in PCC Used Memory: 639103696 Bytes (730857472)
2023-11-16 14:09:19,399 [INFO] IPUIPlugin:74 - create IPUIPlugin
2023-11-16 14:09:19,400 [INFO] IPUIPlugin:74 - create IPUIPlugin
2023-11-16 14:09:19,400 [INFO] IPUIPlugin:74 - create IPUIPlugin
2023-11-16 14:09:19,400 [INFO] IPUIPlugin:74 - create IPUIPlugin
2023-11-16 14:09:19,400 [INFO] IPUIPlugin:74 - create IPUIPlugin
2023-11-16 14:09:19,401 [INFO] IPUIPlugin:74 - create IPUIPlugin
2023-11-16 14:09:19,401 [INFO] IPUIPlugin:74 - create IPUIPlugin
2023-11-16 14:09:19,401 [INFO] IPUIPlugin:74 - create IPUIPlugin
2023-11-16 14:09:19,402 [INFO] IPUIPlugin:74 - create IPUIPlugin
2023-11-16 14:09:19,402 [INFO] IPUIPlugin:74 - create IPUIPlugin
2023-11-16 14:09:19,403 [INFO] IPUIPlugin:74 - create IPUIPlugin
2023-11-16 14:09:19,403 [INFO] IPUIPlugin:74 - create IPUIPlugin
2023-11-16 14:09:19,404 [INFO] IPUIPlugin:74 - create IPUIPlugin
2023-11-16 14:09:19,404 [INFO] IPUIPlugin:74 - create IPUIPlugin
2023-11-16 14:09:19,405 [INFO] IPUIPlugin:74 - create IPUIPlugin
2023-11-16 14:09:19,405 [INFO] IPUIPlugin:74 - create IPUIPlugin
2023-11-16 14:09:19,406 [INFO] IPUIPlugin:74 - create IPUIPlugin
2023-11-16 14:09:19,407 [INFO] IPUIPlugin:74 - create IPUIPlugin
2023-11-16 14:09:19,407 [INFO] IPUIPlugin:74 - create IPUIPlugin
2023-11-16 14:09:19,408 [INFO] IPUIPlugin:74 - create IPUIPlugin
2023-11-16 14:09:19,409 [INFO] IPUIPlugin:74 - create IPUIPlugin
2023-11-16 14:09:19,416 [INFO] IPUIPlugin:74 - create IPUIPlugin
2023-11-16 14:09:19,418 [INFO] IPUIPlugin:74 - create IPUIPlugin
2023-11-16 14:09:19,418 [INFO] IPUIPlugin:74 - create IPUIPlugin
2023-11-16 14:09:19,419 [INFO] IPUIPlugin:74 - create IPUIPlugin
2023-11-16 14:09:19,420 [INFO] IPUIPlugin:74 - create IPUIPlugin
2023-11-16 14:09:19,421 [INFO] IPUIPlugin:74 - create IPUIPlugin
2023-11-16 14:09:19,905 [INFO] OpenFileManager:333 - Restore cursor
2023-11-16 14:09:20,788 [INFO] UtilMem:74 - End SaveConfig() Used Memory: 631835552 Bytes (730857472)
2023-11-16 14:09:20,996 [INFO] UtilMem:74 - End SaveConfig() Used Memory: 575968200 Bytes (730857472)
2023-11-16 14:09:22,226 [INFO] BlockDiagram:2740 - set Specific Code input for plugin: NVIC
2023-11-16 14:09:22,226 [INFO] BlockDiagram:2740 - set Specific Code input for plugin: SYS
2023-11-16 14:09:22,226 [INFO] BlockDiagram:2740 - set Specific Code input for plugin: RCC
2023-11-16 14:09:22,228 [INFO] CodeGenerator:663 - code generatio: config db path: D:\MCU\STM32\stm32cubeide_1.7.0\STM32CubeIDE\plugins\com.st.stm32cube.common.mx_6.3.0.202107141111\\db\
2023-11-16 14:09:24,017 [INFO] CodeEngine:239 - oldGeneratedFile, C:\Users\HOME\Desktop\New folder\MCU_Assignment\MXTmpFiles\license.tmp_save
2023-11-16 14:09:25,844 [INFO] CodeEngine:257 - Generated code: C:\Users\HOME\Desktop\New folder\MCU_Assignment\MXTmpFiles\license.tmp
2023-11-16 14:09:26,470 [INFO] CodeEngine:239 - oldGeneratedFile, C:\Users\HOME\Desktop\New folder\MCU_Assignment\Core\Src\stm32f1xx_it.c_save
2023-11-16 14:09:26,986 [INFO] CodeEngine:257 - Generated code: C:\Users\HOME\Desktop\New folder\MCU_Assignment\Core\Src\stm32f1xx_it.c
2023-11-16 14:09:27,042 [INFO] CodeEngine:239 - oldGeneratedFile, C:\Users\HOME\Desktop\New folder\MCU_Assignment\Core\Inc\stm32f1xx_it.h_save
2023-11-16 14:09:27,407 [INFO] CodeEngine:257 - Generated code: C:\Users\HOME\Desktop\New folder\MCU_Assignment\Core\Inc\stm32f1xx_it.h
2023-11-16 14:09:27,525 [INFO] CodeEngine:239 - oldGeneratedFile, C:\Users\HOME\Desktop\New folder\MCU_Assignment\Core\Src\stm32f1xx_hal_msp.c_save
2023-11-16 14:09:28,123 [INFO] CodeEngine:257 - Generated code: C:\Users\HOME\Desktop\New folder\MCU_Assignment\Core\Src\stm32f1xx_hal_msp.c
2023-11-16 14:09:28,192 [INFO] CodeEngine:239 - oldGeneratedFile, C:\Users\HOME\Desktop\New folder\MCU_Assignment\MXTmpFiles\system.tmp_save
2023-11-16 14:09:28,610 [INFO] CodeEngine:257 - Generated code: C:\Users\HOME\Desktop\New folder\MCU_Assignment\MXTmpFiles\system.tmp
2023-11-16 14:09:28,689 [INFO] CodeEngine:239 - oldGeneratedFile, C:\Users\HOME\Desktop\New folder\MCU_Assignment\Core\Inc\stm32f1xx_hal_conf.h_save
2023-11-16 14:09:29,315 [INFO] CodeEngine:257 - Generated code: C:\Users\HOME\Desktop\New folder\MCU_Assignment\Core\Inc\stm32f1xx_hal_conf.h
2023-11-16 14:09:29,678 [INFO] CodeEngine:239 - oldGeneratedFile, C:\Users\HOME\Desktop\New folder\MCU_Assignment\Core\Inc\main.h_save
2023-11-16 14:09:30,495 [INFO] CodeEngine:257 - Generated code: C:\Users\HOME\Desktop\New folder\MCU_Assignment\Core\Inc\main.h
2023-11-16 14:09:30,550 [INFO] CodeEngine:239 - oldGeneratedFile, C:\Users\HOME\Desktop\New folder\MCU_Assignment\Core\Src\main.c_save
2023-11-16 14:09:31,152 [INFO] CodeEngine:257 - Generated code: C:\Users\HOME\Desktop\New folder\MCU_Assignment\Core\Src\main.c
2023-11-16 14:09:36,670 [INFO] ProjectBuilder:2578 - Time for Copy HAL[1] : 1939mS.
2023-11-16 14:09:36,684 [INFO] ProjectBuilder:3622 - Project Generator version: 3.14.1
2023-11-16 14:09:38,249 [INFO] ConfigFileManager:1271 - The Die is : DIE410
2023-11-16 14:09:38,355 [INFO] ApiDbMcu:468 - Load IP Config File for FATFS
2023-11-16 14:09:38,502 [INFO] ApiDbMcu:468 - Load IP Config File for FREERTOS
2023-11-16 14:09:38,663 [INFO] ApiDbMcu:468 - Load IP Config File for USB_DEVICE
2023-11-16 14:10:07,212 [INFO] ProjectBuilder:3789 - Time for Generating toolchain IDE Files: 30528mS.
2023-11-16 14:10:07,214 [INFO] ProjectBuilder:2457 - Time for Copy CMSIS : 2mS.
2023-11-16 14:10:07,226 [INFO] ProjectBuilder:2457 - Time for Copy CMSIS : 0mS.
2023-11-16 14:10:09,042 [INFO] McuFinderGlobals:52 - Set McuFinderConnectedMode to true
2023-11-16 14:10:09,047 [INFO] ApiDb:276 - Save user favorites file C:\Users\HOME/.stm32cubeide/favorites.mcus.txt: 0 item(s)
2023-11-16 14:10:09,048 [INFO] ApiDb:280 - User favorites MCUs=[]
2023-11-16 14:11:41,221 [INFO] UtilMem:74 - End SaveConfig() Used Memory: 905916128 Bytes (1073741824)
2023-11-16 14:13:07,880 [INFO] UtilMem:74 - End SaveConfig() Used Memory: 792924384 Bytes (1073741824)
2023-11-16 14:33:03,336 [INFO] UtilMem:74 - End SaveConfig() Used Memory: 722262536 Bytes (1073741824)
2023-11-16 14:36:27,389 [INFO] NvicIntPanel:96 - NVIC parent = com.st.microxplorer.plugins.ip.nvic.MultiNvicIntPanel[,0,0,450x155,layout=javax.swing.BoxLayout,alignmentX=0.0,alignmentY=0.0,border=,flags=9,maximumSize=,minimumSize=,preferredSize=]
2023-11-16 14:36:49,643 [INFO] UtilMem:74 - End SaveConfig() Used Memory: 676414984 Bytes (1073741824)
2023-11-16 14:38:13,615 [INFO] UtilMem:74 - End SaveConfig() Used Memory: 803142248 Bytes (1073741824)
2023-11-16 14:38:40,170 [INFO] NvicIntPanel:96 - NVIC parent = com.st.microxplorer.plugins.ip.nvic.MultiNvicIntPanel[,0,0,450x155,layout=javax.swing.BoxLayout,alignmentX=0.0,alignmentY=0.0,border=,flags=9,maximumSize=,minimumSize=,preferredSize=]
2023-11-16 14:39:54,957 [INFO] UtilMem:74 - End SaveConfig() Used Memory: 787560536 Bytes (1073741824)
2023-11-16 14:40:03,272 [INFO] UtilMem:74 - End SaveConfig() Used Memory: 805519952 Bytes (1073741824)
2023-11-16 14:40:11,603 [INFO] UtilMem:74 - End SaveConfig() Used Memory: 708851792 Bytes (1073741824)
2023-11-16 14:40:12,659 [INFO] BlockDiagram:2740 - set Specific Code input for plugin: NVIC
2023-11-16 14:40:12,659 [INFO] BlockDiagram:2740 - set Specific Code input for plugin: TIM1_8F1
2023-11-16 14:40:12,659 [INFO] BlockDiagram:2740 - set Specific Code input for plugin: SYS
2023-11-16 14:40:12,659 [INFO] BlockDiagram:2740 - set Specific Code input for plugin: GPIO
2023-11-16 14:40:12,659 [INFO] BlockDiagram:2740 - set Specific Code input for plugin: RCC
2023-11-16 14:40:12,659 [INFO] CodeGenerator:663 - code generatio: config db path: D:\MCU\STM32\stm32cubeide_1.7.0\STM32CubeIDE\plugins\com.st.stm32cube.common.mx_6.3.0.202107141111\\db\
2023-11-16 14:40:13,299 [INFO] CodeEngine:239 - oldGeneratedFile, C:\Users\HOME\Desktop\New folder\MCU_Assignment\MXTmpFiles\license.tmp_save
2023-11-16 14:40:13,643 [INFO] CodeEngine:257 - Generated code: C:\Users\HOME\Desktop\New folder\MCU_Assignment\MXTmpFiles\license.tmp
2023-11-16 14:40:14,221 [INFO] CodeEngine:239 - oldGeneratedFile, C:\Users\HOME\Desktop\New folder\MCU_Assignment\MXTmpFiles\gpio.tmp_save
2023-11-16 14:40:14,549 [INFO] CodeEngine:257 - Generated code: C:\Users\HOME\Desktop\New folder\MCU_Assignment\MXTmpFiles\gpio.tmp
2023-11-16 14:40:15,299 [INFO] CodeEngine:239 - oldGeneratedFile, C:\Users\HOME\Desktop\New folder\MCU_Assignment\Core\Src\stm32f1xx_it.c_save
2023-11-16 14:40:15,580 [INFO] CodeEngine:257 - Generated code: C:\Users\HOME\Desktop\New folder\MCU_Assignment\Core\Src\stm32f1xx_it.c
2023-11-16 14:40:15,612 [INFO] CodeEngine:239 - oldGeneratedFile, C:\Users\HOME\Desktop\New folder\MCU_Assignment\Core\Inc\stm32f1xx_it.h_save
2023-11-16 14:40:15,924 [INFO] CodeEngine:257 - Generated code: C:\Users\HOME\Desktop\New folder\MCU_Assignment\Core\Inc\stm32f1xx_it.h
2023-11-16 14:40:16,080 [INFO] CodeEngine:239 - oldGeneratedFile, C:\Users\HOME\Desktop\New folder\MCU_Assignment\Core\Src\stm32f1xx_hal_msp.c_save
2023-11-16 14:40:16,377 [INFO] CodeEngine:257 - Generated code: C:\Users\HOME\Desktop\New folder\MCU_Assignment\Core\Src\stm32f1xx_hal_msp.c
2023-11-16 14:40:16,393 [INFO] CodeEngine:239 - oldGeneratedFile, C:\Users\HOME\Desktop\New folder\MCU_Assignment\MXTmpFiles\system.tmp_save
2023-11-16 14:40:16,518 [INFO] CodeEngine:257 - Generated code: C:\Users\HOME\Desktop\New folder\MCU_Assignment\MXTmpFiles\system.tmp
2023-11-16 14:40:16,612 [INFO] CodeEngine:239 - oldGeneratedFile, C:\Users\HOME\Desktop\New folder\MCU_Assignment\Core\Inc\stm32f1xx_hal_conf.h_save
2023-11-16 14:40:16,814 [INFO] CodeEngine:257 - Generated code: C:\Users\HOME\Desktop\New folder\MCU_Assignment\Core\Inc\stm32f1xx_hal_conf.h
2023-11-16 14:40:16,875 [WARN] IPConfigManager:3148 - IP not found : TIM
2023-11-16 14:40:16,876 [WARN] CodeGenerator:3268 - IP not found : null
2023-11-16 14:40:16,922 [INFO] CodeEngine:239 - oldGeneratedFile, C:\Users\HOME\Desktop\New folder\MCU_Assignment\Core\Inc\main.h_save
2023-11-16 14:40:17,102 [INFO] CodeEngine:257 - Generated code: C:\Users\HOME\Desktop\New folder\MCU_Assignment\Core\Inc\main.h
2023-11-16 14:40:17,171 [INFO] CodeEngine:239 - oldGeneratedFile, C:\Users\HOME\Desktop\New folder\MCU_Assignment\Core\Src\main.c_save
2023-11-16 14:40:17,630 [INFO] CodeEngine:257 - Generated code: C:\Users\HOME\Desktop\New folder\MCU_Assignment\Core\Src\main.c
2023-11-16 14:40:20,206 [INFO] ProjectBuilder:2578 - Time for Copy HAL[1] : 656mS.
2023-11-16 14:40:20,222 [INFO] ProjectBuilder:3622 - Project Generator version: 3.14.1
2023-11-16 14:40:21,566 [INFO] ConfigFileManager:1271 - The Die is : DIE410
2023-11-16 14:40:28,753 [INFO] ProjectBuilder:3789 - Time for Generating toolchain IDE Files: 8531mS.
2023-11-16 14:40:28,753 [INFO] ProjectBuilder:2457 - Time for Copy CMSIS : 0mS.
2023-11-16 14:40:28,769 [INFO] ProjectBuilder:2457 - Time for Copy CMSIS : 0mS.
2023-11-16 16:14:27,263 [INFO] NvicIntPanel:96 - NVIC parent = com.st.microxplorer.plugins.ip.nvic.MultiNvicIntPanel[,0,0,450x155,layout=javax.swing.BoxLayout,alignmentX=0.0,alignmentY=0.0,border=,flags=9,maximumSize=,minimumSize=,preferredSize=]
2023-11-18 07:46:54,731 [INFO] Activator:177 - 


2023-11-18 07:46:54,752 [INFO] Activator:178 - !SESSION log4j initialized
2023-11-18 15:23:34,218 [INFO] Activator:177 - 


2023-11-18 15:23:34,243 [INFO] Activator:178 - !SESSION log4j initialized
2023-11-21 07:47:30,452 [INFO] Activator:177 - 


2023-11-21 07:47:30,468 [INFO] Activator:178 - !SESSION log4j initialized
2023-11-21 18:24:32,694 [INFO] Activator:177 - 


2023-11-21 18:24:32,709 [INFO] Activator:178 - !SESSION log4j initialized
